Watching for file changes with StatReloader
"GET /prefix/about/ HTTP/1.1" 200 8
"GET /prefix/ HTTP/1.1" 200 13
Not Found: /index
"GET /index HTTP/1.1" 404 2206
Not Found: /
"GET / HTTP/1.1" 404 2173
C:\Users\пїЅпїЅпїЅпїЅпїЅ\PycharmProjects\educDjango\lessonproject\lessonapp\views.py changed, reloading.
Watching for file changes with StatReloader
C:\Users\пїЅпїЅпїЅпїЅпїЅ\PycharmProjects\educDjango\lessonproject\lessonapp\views.py changed, reloading.
Watching for file changes with StatReloader
C:\Users\пїЅпїЅпїЅпїЅпїЅ\PycharmProjects\educDjango\lessonproject\lessonapp\views.py changed, reloading.
Watching for file changes with StatReloader
C:\Users\пїЅпїЅпїЅпїЅпїЅ\PycharmProjects\educDjango\lessonproject\lessonapp\views.py changed, reloading.
Watching for file changes with StatReloader
Not Found: /about/
"GET /about/ HTTP/1.1" 404 2209
"GET /prefix/ HTTP/1.1" 200 13
"GET /prefix/about/ HTTP/1.1" 200 27
C:\Users\пїЅпїЅпїЅпїЅпїЅ\PycharmProjects\educDjango\lessonproject\lessonproject\settings.py changed, reloading.
Watching for file changes with StatReloader
C:\Users\пїЅпїЅпїЅпїЅпїЅ\PycharmProjects\educDjango\lessonproject\lessonproject\settings.py changed, reloading.
Watching for file changes with StatReloader
C:\Users\пїЅпїЅпїЅпїЅпїЅ\PycharmProjects\educDjango\lessonproject\lessonproject\settings.py changed, reloading.
Watching for file changes with StatReloader
C:\Users\пїЅпїЅпїЅпїЅпїЅ\PycharmProjects\educDjango\lessonproject\lessonproject\settings.py changed, reloading.
Watching for file changes with StatReloader
C:\Users\пїЅпїЅпїЅпїЅпїЅ\PycharmProjects\educDjango\lessonproject\lessonproject\settings.py changed, reloading.
Watching for file changes with StatReloader
C:\Users\пїЅпїЅпїЅпїЅпїЅ\PycharmProjects\educDjango\lessonproject\lessonproject\settings.py changed, reloading.
Watching for file changes with StatReloader
C:\Users\пїЅпїЅпїЅпїЅпїЅ\PycharmProjects\educDjango\lessonproject\lessonproject\settings.py changed, reloading.
Watching for file changes with StatReloader
C:\Users\пїЅпїЅпїЅпїЅпїЅ\PycharmProjects\educDjango\lessonproject\lessonproject\settings.py changed, reloading.
INFO 2023-08-16 22:16:52,536 autoreload 8376 8556 Watching for file changes with StatReloader
INFO 2023-08-16 22:16:58,314 autoreload 8376 8556 C:\Users\пїЅпїЅпїЅпїЅпїЅ\PycharmProjects\educDjango\lessonproject\lessonproject\settings.py changed, reloading.
INFO 2023-08-16 22:16:59,547 autoreload 7672 6888 Watching for file changes with StatReloader
INFO 2023-08-16 22:17:21,372 basehttp 7672 8964 "GET /prefix/about/ HTTP/1.1" 200 27
INFO 2023-08-16 22:17:26,967 basehttp 7672 8964 "GET /prefix/ HTTP/1.1" 200 13
INFO 2023-08-16 22:17:34,561 basehttp 7672 8964 "GET /prefix/about/ HTTP/1.1" 200 27
INFO 2023-08-30 21:59:16,000 autoreload 7428 10392 Watching for file changes with StatReloader
INFO 2023-08-30 22:00:39,400 autoreload 7428 10392 C:\Users\Райан\PycharmProjects\educDjango\lessonproject\myapp4\views.py changed, reloading.
INFO 2023-08-30 22:00:40,347 autoreload 1156 8464 Watching for file changes with StatReloader
INFO 2023-08-30 22:01:54,120 autoreload 1156 8464 C:\Users\Райан\PycharmProjects\educDjango\lessonproject\lessonproject\urls.py changed, reloading.
INFO 2023-08-30 22:01:55,013 autoreload 10720 8948 Watching for file changes with StatReloader
INFO 2023-08-30 22:06:19,514 autoreload 10720 8948 C:\Users\Райан\PycharmProjects\educDjango\lessonproject\lessonproject\urls.py changed, reloading.
INFO 2023-08-30 22:06:20,908 autoreload 12324 3828 Watching for file changes with StatReloader
INFO 2023-08-30 22:07:03,990 autoreload 12324 3828 C:\Users\Райан\PycharmProjects\educDjango\lessonproject\lessonproject\urls.py changed, reloading.
INFO 2023-08-30 22:07:04,920 autoreload 3392 4236 Watching for file changes with StatReloader
WARNING 2023-08-30 22:07:08,182 log 3392 1184 Not Found: /
WARNING 2023-08-30 22:07:08,185 basehttp 3392 1184 "GET / HTTP/1.1" 404 2383
WARNING 2023-08-30 22:07:08,366 log 3392 1184 Not Found: /favicon.ico
WARNING 2023-08-30 22:07:08,409 basehttp 3392 1184 "GET /favicon.ico HTTP/1.1" 404 2434
WARNING 2023-08-30 22:07:31,029 log 3392 1184 Not Found: /user/add/
WARNING 2023-08-30 22:07:31,030 basehttp 3392 1184 "GET /user/add/ HTTP/1.1" 404 2428
WARNING 2023-08-30 22:08:28,840 log 3392 1184 Not Found: /les4
WARNING 2023-08-30 22:08:28,840 basehttp 3392 1184 "GET /les4 HTTP/1.1" 404 2413
INFO 2023-09-02 20:05:27,147 autoreload 13204 5640 Watching for file changes with StatReloader
WARNING 2023-09-02 20:05:31,557 log 13204 2620 Not Found: /
WARNING 2023-09-02 20:05:31,565 basehttp 13204 2620 "GET / HTTP/1.1" 404 2383
INFO 2023-09-02 20:05:37,954 basehttp 13204 2620 "GET /admin HTTP/1.1" 301 0
INFO 2023-09-02 20:05:38,018 basehttp 13204 4844 "GET /admin/ HTTP/1.1" 302 0
INFO 2023-09-02 20:05:38,842 basehttp 13204 4844 "GET /admin/login/?next=/admin/ HTTP/1.1" 200 4181
INFO 2023-09-02 20:05:39,027 basehttp 13204 10632 "GET /static/admin/css/dark_mode.css HTTP/1.1" 200 2929
INFO 2023-09-02 20:05:39,051 basehttp 13204 13076 "GET /static/admin/css/nav_sidebar.css HTTP/1.1" 200 2694
INFO 2023-09-02 20:05:39,051 basehttp 13204 8664 "GET /static/admin/css/login.css HTTP/1.1" 200 958
INFO 2023-09-02 20:05:39,083 basehttp 13204 4844 "GET /static/admin/css/base.css HTTP/1.1" 200 21207
INFO 2023-09-02 20:05:39,091 basehttp 13204 3264 "GET /static/admin/css/responsive.css HTTP/1.1" 200 18533
INFO 2023-09-02 20:05:39,379 basehttp 13204 10632 "GET /static/admin/js/nav_sidebar.js HTTP/1.1" 200 3063
INFO 2023-09-02 20:05:39,387 basehttp 13204 4472 "GET /static/admin/js/theme.js HTTP/1.1" 200 1943
ERROR 2023-09-02 20:06:05,360 log 13204 10632 Internal Server Error: /admin/login/
Traceback (most recent call last):
  File "C:\Users\Райан\PycharmProjects\educDjango\venv\Lib\site-packages\django\db\backends\utils.py", line 89, in _execute
    return self.cursor.execute(sql, params)
           ^^^^^^^^^^^^^^^^^^^^^^^^^^^^^^^^
  File "C:\Users\Райан\PycharmProjects\educDjango\venv\Lib\site-packages\django\db\backends\sqlite3\base.py", line 328, in execute
    return super().execute(query, params)
           ^^^^^^^^^^^^^^^^^^^^^^^^^^^^^^
sqlite3.OperationalError: no such table: auth_user

The above exception was the direct cause of the following exception:

Traceback (most recent call last):
  File "C:\Users\Райан\PycharmProjects\educDjango\venv\Lib\site-packages\django\core\handlers\exception.py", line 55, in inner
    response = get_response(request)
               ^^^^^^^^^^^^^^^^^^^^^
  File "C:\Users\Райан\PycharmProjects\educDjango\venv\Lib\site-packages\django\core\handlers\base.py", line 197, in _get_response
    response = wrapped_callback(request, *callback_args, **callback_kwargs)
               ^^^^^^^^^^^^^^^^^^^^^^^^^^^^^^^^^^^^^^^^^^^^^^^^^^^^^^^^^^^^
  File "C:\Users\Райан\PycharmProjects\educDjango\venv\Lib\site-packages\django\utils\decorators.py", line 46, in _wrapper
    return bound_method(*args, **kwargs)
           ^^^^^^^^^^^^^^^^^^^^^^^^^^^^^
  File "C:\Users\Райан\PycharmProjects\educDjango\venv\Lib\site-packages\django\views\decorators\cache.py", line 62, in _wrapper_view_func
    response = view_func(request, *args, **kwargs)
               ^^^^^^^^^^^^^^^^^^^^^^^^^^^^^^^^^^^
  File "C:\Users\Райан\PycharmProjects\educDjango\venv\Lib\site-packages\django\contrib\admin\sites.py", line 441, in login
    return LoginView.as_view(**defaults)(request)
           ^^^^^^^^^^^^^^^^^^^^^^^^^^^^^^^^^^^^^^
  File "C:\Users\Райан\PycharmProjects\educDjango\venv\Lib\site-packages\django\views\generic\base.py", line 104, in view
    return self.dispatch(request, *args, **kwargs)
           ^^^^^^^^^^^^^^^^^^^^^^^^^^^^^^^^^^^^^^^
  File "C:\Users\Райан\PycharmProjects\educDjango\venv\Lib\site-packages\django\utils\decorators.py", line 46, in _wrapper
    return bound_method(*args, **kwargs)
           ^^^^^^^^^^^^^^^^^^^^^^^^^^^^^
  File "C:\Users\Райан\PycharmProjects\educDjango\venv\Lib\site-packages\django\views\decorators\debug.py", line 92, in sensitive_post_parameters_wrapper
    return view(request, *args, **kwargs)
           ^^^^^^^^^^^^^^^^^^^^^^^^^^^^^^
  File "C:\Users\Райан\PycharmProjects\educDjango\venv\Lib\site-packages\django\utils\decorators.py", line 46, in _wrapper
    return bound_method(*args, **kwargs)
           ^^^^^^^^^^^^^^^^^^^^^^^^^^^^^
  File "C:\Users\Райан\PycharmProjects\educDjango\venv\Lib\site-packages\django\utils\decorators.py", line 134, in _wrapper_view
    response = view_func(request, *args, **kwargs)
               ^^^^^^^^^^^^^^^^^^^^^^^^^^^^^^^^^^^
  File "C:\Users\Райан\PycharmProjects\educDjango\venv\Lib\site-packages\django\utils\decorators.py", line 46, in _wrapper
    return bound_method(*args, **kwargs)
           ^^^^^^^^^^^^^^^^^^^^^^^^^^^^^
  File "C:\Users\Райан\PycharmProjects\educDjango\venv\Lib\site-packages\django\views\decorators\cache.py", line 62, in _wrapper_view_func
    response = view_func(request, *args, **kwargs)
               ^^^^^^^^^^^^^^^^^^^^^^^^^^^^^^^^^^^
  File "C:\Users\Райан\PycharmProjects\educDjango\venv\Lib\site-packages\django\contrib\auth\views.py", line 90, in dispatch
    return super().dispatch(request, *args, **kwargs)
           ^^^^^^^^^^^^^^^^^^^^^^^^^^^^^^^^^^^^^^^^^^
  File "C:\Users\Райан\PycharmProjects\educDjango\venv\Lib\site-packages\django\views\generic\base.py", line 143, in dispatch
    return handler(request, *args, **kwargs)
           ^^^^^^^^^^^^^^^^^^^^^^^^^^^^^^^^^
  File "C:\Users\Райан\PycharmProjects\educDjango\venv\Lib\site-packages\django\views\generic\edit.py", line 152, in post
    if form.is_valid():
       ^^^^^^^^^^^^^^^
  File "C:\Users\Райан\PycharmProjects\educDjango\venv\Lib\site-packages\django\forms\forms.py", line 201, in is_valid
    return self.is_bound and not self.errors
                                 ^^^^^^^^^^^
  File "C:\Users\Райан\PycharmProjects\educDjango\venv\Lib\site-packages\django\forms\forms.py", line 196, in errors
    self.full_clean()
  File "C:\Users\Райан\PycharmProjects\educDjango\venv\Lib\site-packages\django\forms\forms.py", line 434, in full_clean
    self._clean_form()
  File "C:\Users\Райан\PycharmProjects\educDjango\venv\Lib\site-packages\django\forms\forms.py", line 455, in _clean_form
    cleaned_data = self.clean()
                   ^^^^^^^^^^^^
  File "C:\Users\Райан\PycharmProjects\educDjango\venv\Lib\site-packages\django\contrib\auth\forms.py", line 242, in clean
    self.user_cache = authenticate(
                      ^^^^^^^^^^^^^
  File "C:\Users\Райан\PycharmProjects\educDjango\venv\Lib\site-packages\django\views\decorators\debug.py", line 42, in sensitive_variables_wrapper
    return func(*func_args, **func_kwargs)
           ^^^^^^^^^^^^^^^^^^^^^^^^^^^^^^^
  File "C:\Users\Райан\PycharmProjects\educDjango\venv\Lib\site-packages\django\contrib\auth\__init__.py", line 77, in authenticate
    user = backend.authenticate(request, **credentials)
           ^^^^^^^^^^^^^^^^^^^^^^^^^^^^^^^^^^^^^^^^^^^^
  File "C:\Users\Райан\PycharmProjects\educDjango\venv\Lib\site-packages\django\contrib\auth\backends.py", line 46, in authenticate
    user = UserModel._default_manager.get_by_natural_key(username)
           ^^^^^^^^^^^^^^^^^^^^^^^^^^^^^^^^^^^^^^^^^^^^^^^^^^^^^^^
  File "C:\Users\Райан\PycharmProjects\educDjango\venv\Lib\site-packages\django\contrib\auth\base_user.py", line 54, in get_by_natural_key
    return self.get(**{self.model.USERNAME_FIELD: username})
           ^^^^^^^^^^^^^^^^^^^^^^^^^^^^^^^^^^^^^^^^^^^^^^^^^
  File "C:\Users\Райан\PycharmProjects\educDjango\venv\Lib\site-packages\django\db\models\manager.py", line 87, in manager_method
    return getattr(self.get_queryset(), name)(*args, **kwargs)
           ^^^^^^^^^^^^^^^^^^^^^^^^^^^^^^^^^^^^^^^^^^^^^^^^^^^
  File "C:\Users\Райан\PycharmProjects\educDjango\venv\Lib\site-packages\django\db\models\query.py", line 633, in get
    num = len(clone)
          ^^^^^^^^^^
  File "C:\Users\Райан\PycharmProjects\educDjango\venv\Lib\site-packages\django\db\models\query.py", line 380, in __len__
    self._fetch_all()
  File "C:\Users\Райан\PycharmProjects\educDjango\venv\Lib\site-packages\django\db\models\query.py", line 1881, in _fetch_all
    self._result_cache = list(self._iterable_class(self))
                         ^^^^^^^^^^^^^^^^^^^^^^^^^^^^^^^^
  File "C:\Users\Райан\PycharmProjects\educDjango\venv\Lib\site-packages\django\db\models\query.py", line 91, in __iter__
    results = compiler.execute_sql(
              ^^^^^^^^^^^^^^^^^^^^^
  File "C:\Users\Райан\PycharmProjects\educDjango\venv\Lib\site-packages\django\db\models\sql\compiler.py", line 1562, in execute_sql
    cursor.execute(sql, params)
  File "C:\Users\Райан\PycharmProjects\educDjango\venv\Lib\site-packages\django\db\backends\utils.py", line 102, in execute
    return super().execute(sql, params)
           ^^^^^^^^^^^^^^^^^^^^^^^^^^^^
  File "C:\Users\Райан\PycharmProjects\educDjango\venv\Lib\site-packages\django\db\backends\utils.py", line 67, in execute
    return self._execute_with_wrappers(
           ^^^^^^^^^^^^^^^^^^^^^^^^^^^^
  File "C:\Users\Райан\PycharmProjects\educDjango\venv\Lib\site-packages\django\db\backends\utils.py", line 80, in _execute_with_wrappers
    return executor(sql, params, many, context)
           ^^^^^^^^^^^^^^^^^^^^^^^^^^^^^^^^^^^^
  File "C:\Users\Райан\PycharmProjects\educDjango\venv\Lib\site-packages\django\db\backends\utils.py", line 84, in _execute
    with self.db.wrap_database_errors:
  File "C:\Users\Райан\PycharmProjects\educDjango\venv\Lib\site-packages\django\db\utils.py", line 91, in __exit__
    raise dj_exc_value.with_traceback(traceback) from exc_value
  File "C:\Users\Райан\PycharmProjects\educDjango\venv\Lib\site-packages\django\db\backends\utils.py", line 89, in _execute
    return self.cursor.execute(sql, params)
           ^^^^^^^^^^^^^^^^^^^^^^^^^^^^^^^^
  File "C:\Users\Райан\PycharmProjects\educDjango\venv\Lib\site-packages\django\db\backends\sqlite3\base.py", line 328, in execute
    return super().execute(query, params)
           ^^^^^^^^^^^^^^^^^^^^^^^^^^^^^^
django.db.utils.OperationalError: no such table: auth_user
ERROR 2023-09-02 20:06:05,368 basehttp 13204 10632 "POST /admin/login/?next=/admin/ HTTP/1.1" 500 236231
INFO 2023-09-02 20:06:33,780 autoreload 13204 5640 C:\Users\Райан\PycharmProjects\educDjango\lessonproject\lessonproject\settings.py changed, reloading.
INFO 2023-09-02 20:06:35,173 autoreload 1616 11976 Watching for file changes with StatReloader
INFO 2023-09-02 20:06:57,367 basehttp 1616 9204 "GET /admin/ HTTP/1.1" 302 0
INFO 2023-09-02 20:06:57,431 basehttp 1616 9204 "GET /admin/login/?next=/admin/ HTTP/1.1" 200 4267
INFO 2023-09-02 20:58:53,379 autoreload 8964 10128 Watching for file changes with StatReloader
ERROR 2023-09-02 20:59:17,608 log 8964 9080 Internal Server Error: /admin/login/
Traceback (most recent call last):
  File "C:\Users\Райан\PycharmProjects\educDjango\venv\Lib\site-packages\django\db\backends\base\base.py", line 313, in _commit
    return self.connection.commit()
           ^^^^^^^^^^^^^^^^^^^^^^^^
sqlite3.OperationalError: database is locked

The above exception was the direct cause of the following exception:

Traceback (most recent call last):
  File "C:\Users\Райан\PycharmProjects\educDjango\venv\Lib\site-packages\django\core\handlers\exception.py", line 55, in inner
    response = get_response(request)
               ^^^^^^^^^^^^^^^^^^^^^
  File "C:\Users\Райан\PycharmProjects\educDjango\venv\Lib\site-packages\django\core\handlers\base.py", line 197, in _get_response
    response = wrapped_callback(request, *callback_args, **callback_kwargs)
               ^^^^^^^^^^^^^^^^^^^^^^^^^^^^^^^^^^^^^^^^^^^^^^^^^^^^^^^^^^^^
  File "C:\Users\Райан\PycharmProjects\educDjango\venv\Lib\site-packages\django\utils\decorators.py", line 46, in _wrapper
    return bound_method(*args, **kwargs)
           ^^^^^^^^^^^^^^^^^^^^^^^^^^^^^
  File "C:\Users\Райан\PycharmProjects\educDjango\venv\Lib\site-packages\django\views\decorators\cache.py", line 62, in _wrapper_view_func
    response = view_func(request, *args, **kwargs)
               ^^^^^^^^^^^^^^^^^^^^^^^^^^^^^^^^^^^
  File "C:\Users\Райан\PycharmProjects\educDjango\venv\Lib\site-packages\django\contrib\admin\sites.py", line 441, in login
    return LoginView.as_view(**defaults)(request)
           ^^^^^^^^^^^^^^^^^^^^^^^^^^^^^^^^^^^^^^
  File "C:\Users\Райан\PycharmProjects\educDjango\venv\Lib\site-packages\django\views\generic\base.py", line 104, in view
    return self.dispatch(request, *args, **kwargs)
           ^^^^^^^^^^^^^^^^^^^^^^^^^^^^^^^^^^^^^^^
  File "C:\Users\Райан\PycharmProjects\educDjango\venv\Lib\site-packages\django\utils\decorators.py", line 46, in _wrapper
    return bound_method(*args, **kwargs)
           ^^^^^^^^^^^^^^^^^^^^^^^^^^^^^
  File "C:\Users\Райан\PycharmProjects\educDjango\venv\Lib\site-packages\django\views\decorators\debug.py", line 92, in sensitive_post_parameters_wrapper
    return view(request, *args, **kwargs)
           ^^^^^^^^^^^^^^^^^^^^^^^^^^^^^^
  File "C:\Users\Райан\PycharmProjects\educDjango\venv\Lib\site-packages\django\utils\decorators.py", line 46, in _wrapper
    return bound_method(*args, **kwargs)
           ^^^^^^^^^^^^^^^^^^^^^^^^^^^^^
  File "C:\Users\Райан\PycharmProjects\educDjango\venv\Lib\site-packages\django\utils\decorators.py", line 134, in _wrapper_view
    response = view_func(request, *args, **kwargs)
               ^^^^^^^^^^^^^^^^^^^^^^^^^^^^^^^^^^^
  File "C:\Users\Райан\PycharmProjects\educDjango\venv\Lib\site-packages\django\utils\decorators.py", line 46, in _wrapper
    return bound_method(*args, **kwargs)
           ^^^^^^^^^^^^^^^^^^^^^^^^^^^^^
  File "C:\Users\Райан\PycharmProjects\educDjango\venv\Lib\site-packages\django\views\decorators\cache.py", line 62, in _wrapper_view_func
    response = view_func(request, *args, **kwargs)
               ^^^^^^^^^^^^^^^^^^^^^^^^^^^^^^^^^^^
  File "C:\Users\Райан\PycharmProjects\educDjango\venv\Lib\site-packages\django\contrib\auth\views.py", line 90, in dispatch
    return super().dispatch(request, *args, **kwargs)
           ^^^^^^^^^^^^^^^^^^^^^^^^^^^^^^^^^^^^^^^^^^
  File "C:\Users\Райан\PycharmProjects\educDjango\venv\Lib\site-packages\django\views\generic\base.py", line 143, in dispatch
    return handler(request, *args, **kwargs)
           ^^^^^^^^^^^^^^^^^^^^^^^^^^^^^^^^^
  File "C:\Users\Райан\PycharmProjects\educDjango\venv\Lib\site-packages\django\views\generic\edit.py", line 153, in post
    return self.form_valid(form)
           ^^^^^^^^^^^^^^^^^^^^^
  File "C:\Users\Райан\PycharmProjects\educDjango\venv\Lib\site-packages\django\contrib\auth\views.py", line 109, in form_valid
    auth_login(self.request, form.get_user())
  File "C:\Users\Райан\PycharmProjects\educDjango\venv\Lib\site-packages\django\contrib\auth\__init__.py", line 118, in login
    request.session.cycle_key()
  File "C:\Users\Райан\PycharmProjects\educDjango\venv\Lib\site-packages\django\contrib\sessions\backends\base.py", line 304, in cycle_key
    self.create()
  File "C:\Users\Райан\PycharmProjects\educDjango\venv\Lib\site-packages\django\contrib\sessions\backends\db.py", line 54, in create
    self.save(must_create=True)
  File "C:\Users\Райан\PycharmProjects\educDjango\venv\Lib\site-packages\django\contrib\sessions\backends\db.py", line 85, in save
    with transaction.atomic(using=using):
  File "C:\Users\Райан\PycharmProjects\educDjango\venv\Lib\site-packages\django\db\transaction.py", line 263, in __exit__
    connection.commit()
  File "C:\Users\Райан\PycharmProjects\educDjango\venv\Lib\site-packages\django\utils\asyncio.py", line 26, in inner
    return func(*args, **kwargs)
           ^^^^^^^^^^^^^^^^^^^^^
  File "C:\Users\Райан\PycharmProjects\educDjango\venv\Lib\site-packages\django\db\backends\base\base.py", line 337, in commit
    self._commit()
  File "C:\Users\Райан\PycharmProjects\educDjango\venv\Lib\site-packages\django\db\backends\base\base.py", line 312, in _commit
    with debug_transaction(self, "COMMIT"), self.wrap_database_errors:
  File "C:\Users\Райан\PycharmProjects\educDjango\venv\Lib\site-packages\django\db\utils.py", line 91, in __exit__
    raise dj_exc_value.with_traceback(traceback) from exc_value
  File "C:\Users\Райан\PycharmProjects\educDjango\venv\Lib\site-packages\django\db\backends\base\base.py", line 313, in _commit
    return self.connection.commit()
           ^^^^^^^^^^^^^^^^^^^^^^^^
django.db.utils.OperationalError: database is locked
ERROR 2023-09-02 20:59:17,617 basehttp 8964 9080 "POST /admin/login/?next=/admin/ HTTP/1.1" 500 176433
INFO 2023-09-02 20:59:53,741 basehttp 8964 9080 "POST /admin/login/?next=/admin/ HTTP/1.1" 302 0
INFO 2023-09-02 20:59:54,179 basehttp 8964 9080 "GET /admin/ HTTP/1.1" 200 5853
INFO 2023-09-02 20:59:54,355 basehttp 8964 9080 "GET /static/admin/css/dashboard.css HTTP/1.1" 200 441
INFO 2023-09-02 20:59:54,400 basehttp 8964 4884 "GET /static/admin/img/icon-changelink.svg HTTP/1.1" 200 380
INFO 2023-09-02 20:59:54,407 basehttp 8964 9080 "GET /static/admin/img/icon-addlink.svg HTTP/1.1" 200 331
INFO 2023-09-02 21:02:04,838 basehttp 8964 9080 "GET /admin/auth/user/ HTTP/1.1" 200 11310
INFO 2023-09-02 21:02:04,887 basehttp 8964 9080 "GET /static/admin/css/changelists.css HTTP/1.1" 200 6566
INFO 2023-09-02 21:02:04,969 basehttp 8964 4884 "GET /admin/jsi18n/ HTTP/1.1" 200 16066
INFO 2023-09-02 21:02:05,085 basehttp 8964 11568 "GET /static/admin/js/jquery.init.js HTTP/1.1" 200 347
INFO 2023-09-02 21:02:05,100 basehttp 8964 4884 "GET /static/admin/js/urlify.js HTTP/1.1" 200 7887
INFO 2023-09-02 21:02:05,160 basehttp 8964 9080 "GET /static/admin/js/actions.js HTTP/1.1" 200 7872
INFO 2023-09-02 21:02:05,167 basehttp 8964 3616 "GET /static/admin/js/core.js HTTP/1.1" 200 5682
INFO 2023-09-02 21:02:05,234 basehttp 8964 11568 "GET /static/admin/js/prepopulate.js HTTP/1.1" 200 1531
INFO 2023-09-02 21:02:05,245 basehttp 8964 9384 "GET /static/admin/js/admin/RelatedObjectLookups.js HTTP/1.1" 200 8943
INFO 2023-09-02 21:02:05,426 basehttp 8964 4884 "GET /static/admin/js/vendor/xregexp/xregexp.js HTTP/1.1" 200 232381
INFO 2023-09-02 21:02:05,518 basehttp 8964 11204 "GET /static/admin/js/vendor/jquery/jquery.js HTTP/1.1" 200 292458
INFO 2023-09-02 21:02:05,541 basehttp 8964 4884 "GET /static/admin/js/filters.js HTTP/1.1" 200 978
INFO 2023-09-02 21:02:05,686 basehttp 8964 11204 "GET /static/admin/img/search.svg HTTP/1.1" 200 458
INFO 2023-09-02 21:02:05,687 basehttp 8964 9384 "GET /static/admin/img/icon-yes.svg HTTP/1.1" 200 436
INFO 2023-09-02 21:02:05,687 basehttp 8964 11568 "GET /static/admin/img/tooltag-add.svg HTTP/1.1" 200 331
INFO 2023-09-02 21:02:05,727 basehttp 8964 3616 "GET /static/admin/img/sorting-icons.svg HTTP/1.1" 200 1097
INFO 2023-09-02 21:02:39,345 basehttp 8964 3616 "GET /admin/auth/user/add/ HTTP/1.1" 200 10989
INFO 2023-09-02 21:02:39,373 basehttp 8964 9384 "GET /admin/jsi18n/ HTTP/1.1" 200 16066
INFO 2023-09-02 21:02:39,387 basehttp 8964 3616 "GET /static/admin/css/forms.css HTTP/1.1" 200 9047
INFO 2023-09-02 21:02:39,409 basehttp 8964 11568 "GET /static/admin/js/prepopulate_init.js HTTP/1.1" 200 586
INFO 2023-09-02 21:02:39,419 basehttp 8964 3616 "GET /static/admin/js/change_form.js HTTP/1.1" 200 606
INFO 2023-09-02 21:02:39,435 basehttp 8964 9384 "GET /static/admin/css/widgets.css HTTP/1.1" 200 11900
INFO 2023-09-02 21:04:27,587 basehttp 8964 9384 "POST /admin/auth/user/add/ HTTP/1.1" 200 11465
INFO 2023-09-02 21:04:27,634 basehttp 8964 9384 "GET /admin/jsi18n/ HTTP/1.1" 200 16066
INFO 2023-09-02 21:05:03,010 basehttp 8964 9384 "POST /admin/auth/user/add/ HTTP/1.1" 200 11465
INFO 2023-09-02 21:05:03,033 basehttp 8964 9384 "GET /admin/jsi18n/ HTTP/1.1" 200 16066
INFO 2023-09-02 21:05:44,241 basehttp 8964 9384 "POST /admin/auth/user/add/ HTTP/1.1" 302 0
INFO 2023-09-02 21:05:44,726 basehttp 8964 9384 "GET /admin/auth/user/2/change/ HTTP/1.1" 200 22319
INFO 2023-09-02 21:05:44,757 basehttp 8964 9384 "GET /admin/jsi18n/ HTTP/1.1" 200 16066
INFO 2023-09-02 21:05:45,454 basehttp 8964 11204 "GET /static/admin/js/SelectBox.js HTTP/1.1" 200 4530
INFO 2023-09-02 21:05:45,455 basehttp 8964 11568 "GET /static/admin/js/admin/DateTimeShortcuts.js HTTP/1.1" 200 19319
INFO 2023-09-02 21:05:45,455 basehttp 8964 4884 "GET /static/admin/js/SelectFilter2.js HTTP/1.1" 200 15292
INFO 2023-09-02 21:05:45,463 basehttp 8964 3616 "GET /static/admin/js/calendar.js HTTP/1.1" 200 8466
INFO 2023-09-02 21:05:45,769 basehttp 8964 4884 "GET /static/admin/img/selector-icons.svg HTTP/1.1" 200 3291
INFO 2023-09-02 21:05:45,769 basehttp 8964 9384 "GET /static/admin/img/icon-clock.svg HTTP/1.1" 200 677
INFO 2023-09-02 21:05:45,770 basehttp 8964 11204 "GET /static/admin/img/icon-unknown-alt.svg HTTP/1.1" 200 655
INFO 2023-09-02 21:05:45,777 basehttp 8964 11568 "GET /static/admin/img/icon-calendar.svg HTTP/1.1" 200 1086
INFO 2023-09-02 21:05:45,778 basehttp 8964 3616 "GET /static/admin/img/icon-unknown.svg HTTP/1.1" 200 655
INFO 2023-09-02 21:08:30,154 basehttp 8964 3616 "POST /admin/auth/user/2/change/ HTTP/1.1" 302 0
INFO 2023-09-02 21:08:30,206 basehttp 8964 3616 "GET /admin/auth/user/ HTTP/1.1" 200 11917
INFO 2023-09-02 21:08:30,267 basehttp 8964 3616 "GET /admin/jsi18n/ HTTP/1.1" 200 16066
INFO 2023-09-02 21:08:42,445 basehttp 8964 3616 "GET /admin/auth/group/add/ HTTP/1.1" 200 11713
INFO 2023-09-02 21:08:42,476 basehttp 8964 3616 "GET /admin/jsi18n/ HTTP/1.1" 200 16066
INFO 2023-09-02 21:12:19,515 basehttp 8964 3616 "POST /admin/auth/group/add/ HTTP/1.1" 302 0
INFO 2023-09-02 21:12:19,561 basehttp 8964 3616 "GET /admin/auth/group/ HTTP/1.1" 200 9115
INFO 2023-09-02 21:12:19,586 basehttp 8964 3616 "GET /admin/jsi18n/ HTTP/1.1" 200 16066
INFO 2023-09-02 21:12:25,156 basehttp 8964 3616 "GET /admin/auth/user/ HTTP/1.1" 200 12003
INFO 2023-09-02 21:12:25,179 basehttp 8964 3616 "GET /admin/jsi18n/ HTTP/1.1" 200 16066
INFO 2023-09-02 21:12:37,715 basehttp 8964 3616 "GET /admin/auth/user/2/change/ HTTP/1.1" 200 22095
INFO 2023-09-02 21:12:37,735 basehttp 8964 3616 "GET /admin/jsi18n/ HTTP/1.1" 200 16066
INFO 2023-09-02 21:13:00,004 basehttp 8964 3616 "POST /admin/auth/user/2/change/ HTTP/1.1" 302 0
INFO 2023-09-02 21:13:00,033 basehttp 8964 3616 "GET /admin/auth/user/ HTTP/1.1" 200 12223
INFO 2023-09-02 21:13:00,059 basehttp 8964 3616 "GET /admin/jsi18n/ HTTP/1.1" 200 16066
INFO 2023-09-02 21:13:09,456 basehttp 8964 3616 "POST /admin/logout/ HTTP/1.1" 200 3709
INFO 2023-09-02 21:13:14,927 basehttp 8964 3616 "GET /admin/ HTTP/1.1" 302 0
INFO 2023-09-02 21:13:15,095 basehttp 8964 3616 "GET /admin/login/?next=/admin/ HTTP/1.1" 200 4267
INFO 2023-09-02 21:13:34,244 basehttp 8964 3616 "POST /admin/login/?next=/admin/ HTTP/1.1" 302 0
INFO 2023-09-02 21:13:34,260 basehttp 8964 3616 "GET /admin/ HTTP/1.1" 200 4798
INFO 2023-09-02 21:22:05,324 autoreload 8536 4384 Watching for file changes with StatReloader
INFO 2023-09-02 21:22:10,918 basehttp 8536 2800 "GET /admin/ HTTP/1.1" 200 4798
INFO 2023-09-02 21:22:16,394 basehttp 8536 2800 "POST /admin/logout/ HTTP/1.1" 200 3709
INFO 2023-09-02 21:22:18,255 basehttp 8536 2800 "GET /admin/ HTTP/1.1" 302 0
INFO 2023-09-02 21:22:18,282 basehttp 8536 2800 "GET /admin/login/?next=/admin/ HTTP/1.1" 200 4267
INFO 2023-09-02 21:22:41,993 basehttp 8536 2800 "POST /admin/login/?next=/admin/ HTTP/1.1" 302 0
INFO 2023-09-02 21:22:42,023 basehttp 8536 2800 "GET /admin/ HTTP/1.1" 200 8205
INFO 2023-09-02 21:24:05,441 autoreload 8536 4384 C:\Users\Райан\PycharmProjects\educDjango\lessonproject\myapp3\admin.py changed, reloading.
INFO 2023-09-02 21:24:07,369 autoreload 10336 9588 Watching for file changes with StatReloader
INFO 2023-09-02 21:25:23,640 autoreload 10336 9588 C:\Users\Райан\PycharmProjects\educDjango\lessonproject\myapp3\admin.py changed, reloading.
INFO 2023-09-02 21:25:25,101 autoreload 8884 408 Watching for file changes with StatReloader
INFO 2023-09-02 21:28:43,494 autoreload 8884 408 C:\Users\Райан\PycharmProjects\educDjango\lessonproject\myapp2\models.py changed, reloading.
INFO 2023-09-02 21:28:44,877 autoreload 11236 552 Watching for file changes with StatReloader
INFO 2023-09-02 21:34:08,506 autoreload 13168 8328 Watching for file changes with StatReloader
INFO 2023-09-02 21:34:17,164 basehttp 13168 4520 "GET /admin/ HTTP/1.1" 200 9320
INFO 2023-09-02 21:34:54,332 basehttp 13168 9324 "POST /admin/logout/ HTTP/1.1" 200 3709
INFO 2023-09-02 21:34:56,065 basehttp 13168 9324 "GET /admin/ HTTP/1.1" 302 0
INFO 2023-09-02 21:34:56,087 basehttp 13168 9324 "GET /admin/login/?next=/admin/ HTTP/1.1" 200 4267
INFO 2023-09-02 21:35:04,778 basehttp 13168 9324 "POST /admin/login/?next=/admin/ HTTP/1.1" 200 4533
INFO 2023-09-02 21:35:11,844 basehttp 13168 9324 "POST /admin/login/?next=/admin/ HTTP/1.1" 302 0
INFO 2023-09-02 21:35:11,873 basehttp 13168 9324 "GET /admin/ HTTP/1.1" 200 4798
INFO 2023-09-02 21:35:22,912 basehttp 13168 9324 "GET /admin/ HTTP/1.1" 200 4798
INFO 2023-09-02 21:35:28,668 basehttp 13168 9324 "POST /admin/logout/ HTTP/1.1" 200 3709
INFO 2023-09-02 21:35:30,042 basehttp 13168 9324 "GET /admin/ HTTP/1.1" 302 0
INFO 2023-09-02 21:35:30,051 basehttp 13168 9324 "GET /admin/login/?next=/admin/ HTTP/1.1" 200 4267
INFO 2023-09-02 21:35:40,582 basehttp 13168 9324 "POST /admin/login/?next=/admin/ HTTP/1.1" 302 0
INFO 2023-09-02 21:35:40,629 basehttp 13168 9324 "GET /admin/ HTTP/1.1" 200 9320
INFO 2023-09-02 21:35:44,533 basehttp 13168 9324 "GET /admin/auth/group/ HTTP/1.1" 200 10596
INFO 2023-09-02 21:35:44,553 basehttp 13168 9324 "GET /admin/jsi18n/ HTTP/1.1" 200 16066
INFO 2023-09-02 21:35:46,424 basehttp 13168 9324 "GET /admin/auth/user/ HTTP/1.1" 200 13697
INFO 2023-09-02 21:35:46,452 basehttp 13168 9324 "GET /admin/jsi18n/ HTTP/1.1" 200 16066
INFO 2023-09-02 21:35:48,725 basehttp 13168 9324 "GET /admin/auth/user/2/change/ HTTP/1.1" 200 25404
INFO 2023-09-02 21:35:48,760 basehttp 13168 9324 "GET /admin/jsi18n/ HTTP/1.1" 200 16066
INFO 2023-09-02 21:36:40,842 basehttp 13168 9324 "POST /admin/auth/user/2/change/ HTTP/1.1" 302 0
INFO 2023-09-02 21:36:40,893 basehttp 13168 9324 "GET /admin/auth/user/ HTTP/1.1" 200 13917
INFO 2023-09-02 21:36:40,919 basehttp 13168 9324 "GET /admin/jsi18n/ HTTP/1.1" 200 16066
INFO 2023-09-02 21:36:43,596 basehttp 13168 9324 "POST /admin/logout/ HTTP/1.1" 200 3709
INFO 2023-09-02 21:36:46,280 basehttp 13168 9324 "GET /admin/ HTTP/1.1" 302 0
INFO 2023-09-02 21:36:46,289 basehttp 13168 9324 "GET /admin/login/?next=/admin/ HTTP/1.1" 200 4267
INFO 2023-09-02 21:37:00,420 basehttp 13168 9324 "POST /admin/login/?next=/admin/ HTTP/1.1" 302 0
INFO 2023-09-02 21:37:00,453 basehttp 13168 9324 "GET /admin/ HTTP/1.1" 200 4798
INFO 2023-09-02 21:37:29,724 basehttp 13168 9324 "POST /admin/logout/ HTTP/1.1" 200 3709
INFO 2023-09-02 21:37:31,284 basehttp 13168 9324 "GET /admin/ HTTP/1.1" 302 0
INFO 2023-09-02 21:37:31,293 basehttp 13168 9324 "GET /admin/login/?next=/admin/ HTTP/1.1" 200 4267
INFO 2023-09-02 21:37:41,367 basehttp 13168 9324 "POST /admin/login/?next=/admin/ HTTP/1.1" 302 0
INFO 2023-09-02 21:37:41,397 basehttp 13168 9324 "GET /admin/ HTTP/1.1" 200 9619
ERROR 2023-09-02 21:37:44,368 log 13168 9324 Internal Server Error: /admin/myapp2/post/
Traceback (most recent call last):
  File "C:\Users\Райан\PycharmProjects\educDjango\venv\Lib\site-packages\django\db\backends\utils.py", line 89, in _execute
    return self.cursor.execute(sql, params)
           ^^^^^^^^^^^^^^^^^^^^^^^^^^^^^^^^
  File "C:\Users\Райан\PycharmProjects\educDjango\venv\Lib\site-packages\django\db\backends\sqlite3\base.py", line 328, in execute
    return super().execute(query, params)
           ^^^^^^^^^^^^^^^^^^^^^^^^^^^^^^
sqlite3.OperationalError: no such table: myapp2_post

The above exception was the direct cause of the following exception:

Traceback (most recent call last):
  File "C:\Users\Райан\PycharmProjects\educDjango\venv\Lib\site-packages\django\core\handlers\exception.py", line 55, in inner
    response = get_response(request)
               ^^^^^^^^^^^^^^^^^^^^^
  File "C:\Users\Райан\PycharmProjects\educDjango\venv\Lib\site-packages\django\core\handlers\base.py", line 197, in _get_response
    response = wrapped_callback(request, *callback_args, **callback_kwargs)
               ^^^^^^^^^^^^^^^^^^^^^^^^^^^^^^^^^^^^^^^^^^^^^^^^^^^^^^^^^^^^
  File "C:\Users\Райан\PycharmProjects\educDjango\venv\Lib\site-packages\django\contrib\admin\options.py", line 688, in wrapper
    return self.admin_site.admin_view(view)(*args, **kwargs)
           ^^^^^^^^^^^^^^^^^^^^^^^^^^^^^^^^^^^^^^^^^^^^^^^^^
  File "C:\Users\Райан\PycharmProjects\educDjango\venv\Lib\site-packages\django\utils\decorators.py", line 134, in _wrapper_view
    response = view_func(request, *args, **kwargs)
               ^^^^^^^^^^^^^^^^^^^^^^^^^^^^^^^^^^^
  File "C:\Users\Райан\PycharmProjects\educDjango\venv\Lib\site-packages\django\views\decorators\cache.py", line 62, in _wrapper_view_func
    response = view_func(request, *args, **kwargs)
               ^^^^^^^^^^^^^^^^^^^^^^^^^^^^^^^^^^^
  File "C:\Users\Райан\PycharmProjects\educDjango\venv\Lib\site-packages\django\contrib\admin\sites.py", line 242, in inner
    return view(request, *args, **kwargs)
           ^^^^^^^^^^^^^^^^^^^^^^^^^^^^^^
  File "C:\Users\Райан\PycharmProjects\educDjango\venv\Lib\site-packages\django\utils\decorators.py", line 46, in _wrapper
    return bound_method(*args, **kwargs)
           ^^^^^^^^^^^^^^^^^^^^^^^^^^^^^
  File "C:\Users\Райан\PycharmProjects\educDjango\venv\Lib\site-packages\django\utils\decorators.py", line 134, in _wrapper_view
    response = view_func(request, *args, **kwargs)
               ^^^^^^^^^^^^^^^^^^^^^^^^^^^^^^^^^^^
  File "C:\Users\Райан\PycharmProjects\educDjango\venv\Lib\site-packages\django\contrib\admin\options.py", line 1926, in changelist_view
    cl = self.get_changelist_instance(request)
         ^^^^^^^^^^^^^^^^^^^^^^^^^^^^^^^^^^^^^
  File "C:\Users\Райан\PycharmProjects\educDjango\venv\Lib\site-packages\django\contrib\admin\options.py", line 836, in get_changelist_instance
    return ChangeList(
           ^^^^^^^^^^^
  File "C:\Users\Райан\PycharmProjects\educDjango\venv\Lib\site-packages\django\contrib\admin\views\main.py", line 123, in __init__
    self.get_results(request)
  File "C:\Users\Райан\PycharmProjects\educDjango\venv\Lib\site-packages\django\contrib\admin\views\main.py", line 279, in get_results
    result_count = paginator.count
                   ^^^^^^^^^^^^^^^
  File "C:\Users\Райан\PycharmProjects\educDjango\venv\Lib\site-packages\django\utils\functional.py", line 57, in __get__
    res = instance.__dict__[self.name] = self.func(instance)
                                         ^^^^^^^^^^^^^^^^^^^
  File "C:\Users\Райан\PycharmProjects\educDjango\venv\Lib\site-packages\django\core\paginator.py", line 93, in count
    return c()
           ^^^
  File "C:\Users\Райан\PycharmProjects\educDjango\venv\Lib\site-packages\django\db\models\query.py", line 608, in count
    return self.query.get_count(using=self.db)
           ^^^^^^^^^^^^^^^^^^^^^^^^^^^^^^^^^^^
  File "C:\Users\Райан\PycharmProjects\educDjango\venv\Lib\site-packages\django\db\models\sql\query.py", line 568, in get_count
    return obj.get_aggregation(using, {"__count": Count("*")})["__count"]
           ^^^^^^^^^^^^^^^^^^^^^^^^^^^^^^^^^^^^^^^^^^^^^^^^^^^
  File "C:\Users\Райан\PycharmProjects\educDjango\venv\Lib\site-packages\django\db\models\sql\query.py", line 554, in get_aggregation
    result = compiler.execute_sql(SINGLE)
             ^^^^^^^^^^^^^^^^^^^^^^^^^^^^
  File "C:\Users\Райан\PycharmProjects\educDjango\venv\Lib\site-packages\django\db\models\sql\compiler.py", line 1562, in execute_sql
    cursor.execute(sql, params)
  File "C:\Users\Райан\PycharmProjects\educDjango\venv\Lib\site-packages\django\db\backends\utils.py", line 102, in execute
    return super().execute(sql, params)
           ^^^^^^^^^^^^^^^^^^^^^^^^^^^^
  File "C:\Users\Райан\PycharmProjects\educDjango\venv\Lib\site-packages\django\db\backends\utils.py", line 67, in execute
    return self._execute_with_wrappers(
           ^^^^^^^^^^^^^^^^^^^^^^^^^^^^
  File "C:\Users\Райан\PycharmProjects\educDjango\venv\Lib\site-packages\django\db\backends\utils.py", line 80, in _execute_with_wrappers
    return executor(sql, params, many, context)
           ^^^^^^^^^^^^^^^^^^^^^^^^^^^^^^^^^^^^
  File "C:\Users\Райан\PycharmProjects\educDjango\venv\Lib\site-packages\django\db\backends\utils.py", line 84, in _execute
    with self.db.wrap_database_errors:
  File "C:\Users\Райан\PycharmProjects\educDjango\venv\Lib\site-packages\django\db\utils.py", line 91, in __exit__
    raise dj_exc_value.with_traceback(traceback) from exc_value
  File "C:\Users\Райан\PycharmProjects\educDjango\venv\Lib\site-packages\django\db\backends\utils.py", line 89, in _execute
    return self.cursor.execute(sql, params)
           ^^^^^^^^^^^^^^^^^^^^^^^^^^^^^^^^
  File "C:\Users\Райан\PycharmProjects\educDjango\venv\Lib\site-packages\django\db\backends\sqlite3\base.py", line 328, in execute
    return super().execute(query, params)
           ^^^^^^^^^^^^^^^^^^^^^^^^^^^^^^
django.db.utils.OperationalError: no such table: myapp2_post
ERROR 2023-09-02 21:37:44,384 basehttp 13168 9324 "GET /admin/myapp2/post/ HTTP/1.1" 500 180301
INFO 2023-09-02 21:37:47,876 basehttp 13168 9324 "GET /admin/ HTTP/1.1" 200 9619
INFO 2023-09-02 21:37:50,327 basehttp 13168 9324 "GET /admin/myapp5/category/ HTTP/1.1" 200 8981
INFO 2023-09-02 21:37:50,349 basehttp 13168 9324 "GET /admin/jsi18n/ HTTP/1.1" 200 16066
INFO 2023-09-02 21:37:52,299 basehttp 13168 9324 "GET /admin/myapp5/product/ HTTP/1.1" 200 8974
INFO 2023-09-02 21:37:52,334 basehttp 13168 9324 "GET /admin/jsi18n/ HTTP/1.1" 200 16066
ERROR 2023-09-02 21:37:54,155 log 13168 9324 Internal Server Error: /admin/myapp2/author/
Traceback (most recent call last):
  File "C:\Users\Райан\PycharmProjects\educDjango\venv\Lib\site-packages\django\db\backends\utils.py", line 89, in _execute
    return self.cursor.execute(sql, params)
           ^^^^^^^^^^^^^^^^^^^^^^^^^^^^^^^^
  File "C:\Users\Райан\PycharmProjects\educDjango\venv\Lib\site-packages\django\db\backends\sqlite3\base.py", line 328, in execute
    return super().execute(query, params)
           ^^^^^^^^^^^^^^^^^^^^^^^^^^^^^^
sqlite3.OperationalError: no such table: myapp2_author

The above exception was the direct cause of the following exception:

Traceback (most recent call last):
  File "C:\Users\Райан\PycharmProjects\educDjango\venv\Lib\site-packages\django\core\handlers\exception.py", line 55, in inner
    response = get_response(request)
               ^^^^^^^^^^^^^^^^^^^^^
  File "C:\Users\Райан\PycharmProjects\educDjango\venv\Lib\site-packages\django\core\handlers\base.py", line 197, in _get_response
    response = wrapped_callback(request, *callback_args, **callback_kwargs)
               ^^^^^^^^^^^^^^^^^^^^^^^^^^^^^^^^^^^^^^^^^^^^^^^^^^^^^^^^^^^^
  File "C:\Users\Райан\PycharmProjects\educDjango\venv\Lib\site-packages\django\contrib\admin\options.py", line 688, in wrapper
    return self.admin_site.admin_view(view)(*args, **kwargs)
           ^^^^^^^^^^^^^^^^^^^^^^^^^^^^^^^^^^^^^^^^^^^^^^^^^
  File "C:\Users\Райан\PycharmProjects\educDjango\venv\Lib\site-packages\django\utils\decorators.py", line 134, in _wrapper_view
    response = view_func(request, *args, **kwargs)
               ^^^^^^^^^^^^^^^^^^^^^^^^^^^^^^^^^^^
  File "C:\Users\Райан\PycharmProjects\educDjango\venv\Lib\site-packages\django\views\decorators\cache.py", line 62, in _wrapper_view_func
    response = view_func(request, *args, **kwargs)
               ^^^^^^^^^^^^^^^^^^^^^^^^^^^^^^^^^^^
  File "C:\Users\Райан\PycharmProjects\educDjango\venv\Lib\site-packages\django\contrib\admin\sites.py", line 242, in inner
    return view(request, *args, **kwargs)
           ^^^^^^^^^^^^^^^^^^^^^^^^^^^^^^
  File "C:\Users\Райан\PycharmProjects\educDjango\venv\Lib\site-packages\django\utils\decorators.py", line 46, in _wrapper
    return bound_method(*args, **kwargs)
           ^^^^^^^^^^^^^^^^^^^^^^^^^^^^^
  File "C:\Users\Райан\PycharmProjects\educDjango\venv\Lib\site-packages\django\utils\decorators.py", line 134, in _wrapper_view
    response = view_func(request, *args, **kwargs)
               ^^^^^^^^^^^^^^^^^^^^^^^^^^^^^^^^^^^
  File "C:\Users\Райан\PycharmProjects\educDjango\venv\Lib\site-packages\django\contrib\admin\options.py", line 1926, in changelist_view
    cl = self.get_changelist_instance(request)
         ^^^^^^^^^^^^^^^^^^^^^^^^^^^^^^^^^^^^^
  File "C:\Users\Райан\PycharmProjects\educDjango\venv\Lib\site-packages\django\contrib\admin\options.py", line 836, in get_changelist_instance
    return ChangeList(
           ^^^^^^^^^^^
  File "C:\Users\Райан\PycharmProjects\educDjango\venv\Lib\site-packages\django\contrib\admin\views\main.py", line 123, in __init__
    self.get_results(request)
  File "C:\Users\Райан\PycharmProjects\educDjango\venv\Lib\site-packages\django\contrib\admin\views\main.py", line 279, in get_results
    result_count = paginator.count
                   ^^^^^^^^^^^^^^^
  File "C:\Users\Райан\PycharmProjects\educDjango\venv\Lib\site-packages\django\utils\functional.py", line 57, in __get__
    res = instance.__dict__[self.name] = self.func(instance)
                                         ^^^^^^^^^^^^^^^^^^^
  File "C:\Users\Райан\PycharmProjects\educDjango\venv\Lib\site-packages\django\core\paginator.py", line 93, in count
    return c()
           ^^^
  File "C:\Users\Райан\PycharmProjects\educDjango\venv\Lib\site-packages\django\db\models\query.py", line 608, in count
    return self.query.get_count(using=self.db)
           ^^^^^^^^^^^^^^^^^^^^^^^^^^^^^^^^^^^
  File "C:\Users\Райан\PycharmProjects\educDjango\venv\Lib\site-packages\django\db\models\sql\query.py", line 568, in get_count
    return obj.get_aggregation(using, {"__count": Count("*")})["__count"]
           ^^^^^^^^^^^^^^^^^^^^^^^^^^^^^^^^^^^^^^^^^^^^^^^^^^^
  File "C:\Users\Райан\PycharmProjects\educDjango\venv\Lib\site-packages\django\db\models\sql\query.py", line 554, in get_aggregation
    result = compiler.execute_sql(SINGLE)
             ^^^^^^^^^^^^^^^^^^^^^^^^^^^^
  File "C:\Users\Райан\PycharmProjects\educDjango\venv\Lib\site-packages\django\db\models\sql\compiler.py", line 1562, in execute_sql
    cursor.execute(sql, params)
  File "C:\Users\Райан\PycharmProjects\educDjango\venv\Lib\site-packages\django\db\backends\utils.py", line 102, in execute
    return super().execute(sql, params)
           ^^^^^^^^^^^^^^^^^^^^^^^^^^^^
  File "C:\Users\Райан\PycharmProjects\educDjango\venv\Lib\site-packages\django\db\backends\utils.py", line 67, in execute
    return self._execute_with_wrappers(
           ^^^^^^^^^^^^^^^^^^^^^^^^^^^^
  File "C:\Users\Райан\PycharmProjects\educDjango\venv\Lib\site-packages\django\db\backends\utils.py", line 80, in _execute_with_wrappers
    return executor(sql, params, many, context)
           ^^^^^^^^^^^^^^^^^^^^^^^^^^^^^^^^^^^^
  File "C:\Users\Райан\PycharmProjects\educDjango\venv\Lib\site-packages\django\db\backends\utils.py", line 84, in _execute
    with self.db.wrap_database_errors:
  File "C:\Users\Райан\PycharmProjects\educDjango\venv\Lib\site-packages\django\db\utils.py", line 91, in __exit__
    raise dj_exc_value.with_traceback(traceback) from exc_value
  File "C:\Users\Райан\PycharmProjects\educDjango\venv\Lib\site-packages\django\db\backends\utils.py", line 89, in _execute
    return self.cursor.execute(sql, params)
           ^^^^^^^^^^^^^^^^^^^^^^^^^^^^^^^^
  File "C:\Users\Райан\PycharmProjects\educDjango\venv\Lib\site-packages\django\db\backends\sqlite3\base.py", line 328, in execute
    return super().execute(query, params)
           ^^^^^^^^^^^^^^^^^^^^^^^^^^^^^^
django.db.utils.OperationalError: no such table: myapp2_author
ERROR 2023-09-02 21:37:54,161 basehttp 13168 9324 "GET /admin/myapp2/author/ HTTP/1.1" 500 180418
INFO 2023-09-02 21:37:55,437 basehttp 13168 9324 "GET /admin/myapp5/product/ HTTP/1.1" 200 8974
INFO 2023-09-02 21:38:22,766 basehttp 13168 9324 "GET /admin/myapp5/product/add/ HTTP/1.1" 200 11594
INFO 2023-09-02 21:38:22,814 basehttp 13168 9324 "GET /admin/jsi18n/ HTTP/1.1" 200 16066
INFO 2023-09-02 21:38:22,979 basehttp 13168 9324 "GET /static/admin/img/icon-viewlink.svg HTTP/1.1" 200 581
INFO 2023-09-02 21:38:28,726 basehttp 13168 9324 "POST /admin/logout/ HTTP/1.1" 200 3709
INFO 2023-09-02 21:38:31,415 basehttp 13168 9324 "GET /admin/ HTTP/1.1" 302 0
INFO 2023-09-02 21:38:31,428 basehttp 13168 9324 "GET /admin/login/?next=/admin/ HTTP/1.1" 200 4267
INFO 2023-09-02 21:38:40,915 basehttp 13168 9324 "POST /admin/login/?next=/admin/ HTTP/1.1" 302 0
INFO 2023-09-02 21:38:40,933 basehttp 13168 9324 "GET /admin/ HTTP/1.1" 200 9619
ERROR 2023-09-02 21:38:46,327 log 13168 9324 Internal Server Error: /admin/myapp2/author/
Traceback (most recent call last):
  File "C:\Users\Райан\PycharmProjects\educDjango\venv\Lib\site-packages\django\db\backends\utils.py", line 89, in _execute
    return self.cursor.execute(sql, params)
           ^^^^^^^^^^^^^^^^^^^^^^^^^^^^^^^^
  File "C:\Users\Райан\PycharmProjects\educDjango\venv\Lib\site-packages\django\db\backends\sqlite3\base.py", line 328, in execute
    return super().execute(query, params)
           ^^^^^^^^^^^^^^^^^^^^^^^^^^^^^^
sqlite3.OperationalError: no such table: myapp2_author

The above exception was the direct cause of the following exception:

Traceback (most recent call last):
  File "C:\Users\Райан\PycharmProjects\educDjango\venv\Lib\site-packages\django\core\handlers\exception.py", line 55, in inner
    response = get_response(request)
               ^^^^^^^^^^^^^^^^^^^^^
  File "C:\Users\Райан\PycharmProjects\educDjango\venv\Lib\site-packages\django\core\handlers\base.py", line 197, in _get_response
    response = wrapped_callback(request, *callback_args, **callback_kwargs)
               ^^^^^^^^^^^^^^^^^^^^^^^^^^^^^^^^^^^^^^^^^^^^^^^^^^^^^^^^^^^^
  File "C:\Users\Райан\PycharmProjects\educDjango\venv\Lib\site-packages\django\contrib\admin\options.py", line 688, in wrapper
    return self.admin_site.admin_view(view)(*args, **kwargs)
           ^^^^^^^^^^^^^^^^^^^^^^^^^^^^^^^^^^^^^^^^^^^^^^^^^
  File "C:\Users\Райан\PycharmProjects\educDjango\venv\Lib\site-packages\django\utils\decorators.py", line 134, in _wrapper_view
    response = view_func(request, *args, **kwargs)
               ^^^^^^^^^^^^^^^^^^^^^^^^^^^^^^^^^^^
  File "C:\Users\Райан\PycharmProjects\educDjango\venv\Lib\site-packages\django\views\decorators\cache.py", line 62, in _wrapper_view_func
    response = view_func(request, *args, **kwargs)
               ^^^^^^^^^^^^^^^^^^^^^^^^^^^^^^^^^^^
  File "C:\Users\Райан\PycharmProjects\educDjango\venv\Lib\site-packages\django\contrib\admin\sites.py", line 242, in inner
    return view(request, *args, **kwargs)
           ^^^^^^^^^^^^^^^^^^^^^^^^^^^^^^
  File "C:\Users\Райан\PycharmProjects\educDjango\venv\Lib\site-packages\django\utils\decorators.py", line 46, in _wrapper
    return bound_method(*args, **kwargs)
           ^^^^^^^^^^^^^^^^^^^^^^^^^^^^^
  File "C:\Users\Райан\PycharmProjects\educDjango\venv\Lib\site-packages\django\utils\decorators.py", line 134, in _wrapper_view
    response = view_func(request, *args, **kwargs)
               ^^^^^^^^^^^^^^^^^^^^^^^^^^^^^^^^^^^
  File "C:\Users\Райан\PycharmProjects\educDjango\venv\Lib\site-packages\django\contrib\admin\options.py", line 1926, in changelist_view
    cl = self.get_changelist_instance(request)
         ^^^^^^^^^^^^^^^^^^^^^^^^^^^^^^^^^^^^^
  File "C:\Users\Райан\PycharmProjects\educDjango\venv\Lib\site-packages\django\contrib\admin\options.py", line 836, in get_changelist_instance
    return ChangeList(
           ^^^^^^^^^^^
  File "C:\Users\Райан\PycharmProjects\educDjango\venv\Lib\site-packages\django\contrib\admin\views\main.py", line 123, in __init__
    self.get_results(request)
  File "C:\Users\Райан\PycharmProjects\educDjango\venv\Lib\site-packages\django\contrib\admin\views\main.py", line 279, in get_results
    result_count = paginator.count
                   ^^^^^^^^^^^^^^^
  File "C:\Users\Райан\PycharmProjects\educDjango\venv\Lib\site-packages\django\utils\functional.py", line 57, in __get__
    res = instance.__dict__[self.name] = self.func(instance)
                                         ^^^^^^^^^^^^^^^^^^^
  File "C:\Users\Райан\PycharmProjects\educDjango\venv\Lib\site-packages\django\core\paginator.py", line 93, in count
    return c()
           ^^^
  File "C:\Users\Райан\PycharmProjects\educDjango\venv\Lib\site-packages\django\db\models\query.py", line 608, in count
    return self.query.get_count(using=self.db)
           ^^^^^^^^^^^^^^^^^^^^^^^^^^^^^^^^^^^
  File "C:\Users\Райан\PycharmProjects\educDjango\venv\Lib\site-packages\django\db\models\sql\query.py", line 568, in get_count
    return obj.get_aggregation(using, {"__count": Count("*")})["__count"]
           ^^^^^^^^^^^^^^^^^^^^^^^^^^^^^^^^^^^^^^^^^^^^^^^^^^^
  File "C:\Users\Райан\PycharmProjects\educDjango\venv\Lib\site-packages\django\db\models\sql\query.py", line 554, in get_aggregation
    result = compiler.execute_sql(SINGLE)
             ^^^^^^^^^^^^^^^^^^^^^^^^^^^^
  File "C:\Users\Райан\PycharmProjects\educDjango\venv\Lib\site-packages\django\db\models\sql\compiler.py", line 1562, in execute_sql
    cursor.execute(sql, params)
  File "C:\Users\Райан\PycharmProjects\educDjango\venv\Lib\site-packages\django\db\backends\utils.py", line 102, in execute
    return super().execute(sql, params)
           ^^^^^^^^^^^^^^^^^^^^^^^^^^^^
  File "C:\Users\Райан\PycharmProjects\educDjango\venv\Lib\site-packages\django\db\backends\utils.py", line 67, in execute
    return self._execute_with_wrappers(
           ^^^^^^^^^^^^^^^^^^^^^^^^^^^^
  File "C:\Users\Райан\PycharmProjects\educDjango\venv\Lib\site-packages\django\db\backends\utils.py", line 80, in _execute_with_wrappers
    return executor(sql, params, many, context)
           ^^^^^^^^^^^^^^^^^^^^^^^^^^^^^^^^^^^^
  File "C:\Users\Райан\PycharmProjects\educDjango\venv\Lib\site-packages\django\db\backends\utils.py", line 84, in _execute
    with self.db.wrap_database_errors:
  File "C:\Users\Райан\PycharmProjects\educDjango\venv\Lib\site-packages\django\db\utils.py", line 91, in __exit__
    raise dj_exc_value.with_traceback(traceback) from exc_value
  File "C:\Users\Райан\PycharmProjects\educDjango\venv\Lib\site-packages\django\db\backends\utils.py", line 89, in _execute
    return self.cursor.execute(sql, params)
           ^^^^^^^^^^^^^^^^^^^^^^^^^^^^^^^^
  File "C:\Users\Райан\PycharmProjects\educDjango\venv\Lib\site-packages\django\db\backends\sqlite3\base.py", line 328, in execute
    return super().execute(query, params)
           ^^^^^^^^^^^^^^^^^^^^^^^^^^^^^^
django.db.utils.OperationalError: no such table: myapp2_author
ERROR 2023-09-02 21:38:46,334 basehttp 13168 9324 "GET /admin/myapp2/author/ HTTP/1.1" 500 180403
INFO 2023-09-02 21:38:47,788 basehttp 13168 9324 "GET /admin/ HTTP/1.1" 200 9619
ERROR 2023-09-02 21:38:49,192 log 13168 9324 Internal Server Error: /admin/myapp2/post/
Traceback (most recent call last):
  File "C:\Users\Райан\PycharmProjects\educDjango\venv\Lib\site-packages\django\db\backends\utils.py", line 89, in _execute
    return self.cursor.execute(sql, params)
           ^^^^^^^^^^^^^^^^^^^^^^^^^^^^^^^^
  File "C:\Users\Райан\PycharmProjects\educDjango\venv\Lib\site-packages\django\db\backends\sqlite3\base.py", line 328, in execute
    return super().execute(query, params)
           ^^^^^^^^^^^^^^^^^^^^^^^^^^^^^^
sqlite3.OperationalError: no such table: myapp2_post

The above exception was the direct cause of the following exception:

Traceback (most recent call last):
  File "C:\Users\Райан\PycharmProjects\educDjango\venv\Lib\site-packages\django\core\handlers\exception.py", line 55, in inner
    response = get_response(request)
               ^^^^^^^^^^^^^^^^^^^^^
  File "C:\Users\Райан\PycharmProjects\educDjango\venv\Lib\site-packages\django\core\handlers\base.py", line 197, in _get_response
    response = wrapped_callback(request, *callback_args, **callback_kwargs)
               ^^^^^^^^^^^^^^^^^^^^^^^^^^^^^^^^^^^^^^^^^^^^^^^^^^^^^^^^^^^^
  File "C:\Users\Райан\PycharmProjects\educDjango\venv\Lib\site-packages\django\contrib\admin\options.py", line 688, in wrapper
    return self.admin_site.admin_view(view)(*args, **kwargs)
           ^^^^^^^^^^^^^^^^^^^^^^^^^^^^^^^^^^^^^^^^^^^^^^^^^
  File "C:\Users\Райан\PycharmProjects\educDjango\venv\Lib\site-packages\django\utils\decorators.py", line 134, in _wrapper_view
    response = view_func(request, *args, **kwargs)
               ^^^^^^^^^^^^^^^^^^^^^^^^^^^^^^^^^^^
  File "C:\Users\Райан\PycharmProjects\educDjango\venv\Lib\site-packages\django\views\decorators\cache.py", line 62, in _wrapper_view_func
    response = view_func(request, *args, **kwargs)
               ^^^^^^^^^^^^^^^^^^^^^^^^^^^^^^^^^^^
  File "C:\Users\Райан\PycharmProjects\educDjango\venv\Lib\site-packages\django\contrib\admin\sites.py", line 242, in inner
    return view(request, *args, **kwargs)
           ^^^^^^^^^^^^^^^^^^^^^^^^^^^^^^
  File "C:\Users\Райан\PycharmProjects\educDjango\venv\Lib\site-packages\django\utils\decorators.py", line 46, in _wrapper
    return bound_method(*args, **kwargs)
           ^^^^^^^^^^^^^^^^^^^^^^^^^^^^^
  File "C:\Users\Райан\PycharmProjects\educDjango\venv\Lib\site-packages\django\utils\decorators.py", line 134, in _wrapper_view
    response = view_func(request, *args, **kwargs)
               ^^^^^^^^^^^^^^^^^^^^^^^^^^^^^^^^^^^
  File "C:\Users\Райан\PycharmProjects\educDjango\venv\Lib\site-packages\django\contrib\admin\options.py", line 1926, in changelist_view
    cl = self.get_changelist_instance(request)
         ^^^^^^^^^^^^^^^^^^^^^^^^^^^^^^^^^^^^^
  File "C:\Users\Райан\PycharmProjects\educDjango\venv\Lib\site-packages\django\contrib\admin\options.py", line 836, in get_changelist_instance
    return ChangeList(
           ^^^^^^^^^^^
  File "C:\Users\Райан\PycharmProjects\educDjango\venv\Lib\site-packages\django\contrib\admin\views\main.py", line 123, in __init__
    self.get_results(request)
  File "C:\Users\Райан\PycharmProjects\educDjango\venv\Lib\site-packages\django\contrib\admin\views\main.py", line 279, in get_results
    result_count = paginator.count
                   ^^^^^^^^^^^^^^^
  File "C:\Users\Райан\PycharmProjects\educDjango\venv\Lib\site-packages\django\utils\functional.py", line 57, in __get__
    res = instance.__dict__[self.name] = self.func(instance)
                                         ^^^^^^^^^^^^^^^^^^^
  File "C:\Users\Райан\PycharmProjects\educDjango\venv\Lib\site-packages\django\core\paginator.py", line 93, in count
    return c()
           ^^^
  File "C:\Users\Райан\PycharmProjects\educDjango\venv\Lib\site-packages\django\db\models\query.py", line 608, in count
    return self.query.get_count(using=self.db)
           ^^^^^^^^^^^^^^^^^^^^^^^^^^^^^^^^^^^
  File "C:\Users\Райан\PycharmProjects\educDjango\venv\Lib\site-packages\django\db\models\sql\query.py", line 568, in get_count
    return obj.get_aggregation(using, {"__count": Count("*")})["__count"]
           ^^^^^^^^^^^^^^^^^^^^^^^^^^^^^^^^^^^^^^^^^^^^^^^^^^^
  File "C:\Users\Райан\PycharmProjects\educDjango\venv\Lib\site-packages\django\db\models\sql\query.py", line 554, in get_aggregation
    result = compiler.execute_sql(SINGLE)
             ^^^^^^^^^^^^^^^^^^^^^^^^^^^^
  File "C:\Users\Райан\PycharmProjects\educDjango\venv\Lib\site-packages\django\db\models\sql\compiler.py", line 1562, in execute_sql
    cursor.execute(sql, params)
  File "C:\Users\Райан\PycharmProjects\educDjango\venv\Lib\site-packages\django\db\backends\utils.py", line 102, in execute
    return super().execute(sql, params)
           ^^^^^^^^^^^^^^^^^^^^^^^^^^^^
  File "C:\Users\Райан\PycharmProjects\educDjango\venv\Lib\site-packages\django\db\backends\utils.py", line 67, in execute
    return self._execute_with_wrappers(
           ^^^^^^^^^^^^^^^^^^^^^^^^^^^^
  File "C:\Users\Райан\PycharmProjects\educDjango\venv\Lib\site-packages\django\db\backends\utils.py", line 80, in _execute_with_wrappers
    return executor(sql, params, many, context)
           ^^^^^^^^^^^^^^^^^^^^^^^^^^^^^^^^^^^^
  File "C:\Users\Райан\PycharmProjects\educDjango\venv\Lib\site-packages\django\db\backends\utils.py", line 84, in _execute
    with self.db.wrap_database_errors:
  File "C:\Users\Райан\PycharmProjects\educDjango\venv\Lib\site-packages\django\db\utils.py", line 91, in __exit__
    raise dj_exc_value.with_traceback(traceback) from exc_value
  File "C:\Users\Райан\PycharmProjects\educDjango\venv\Lib\site-packages\django\db\backends\utils.py", line 89, in _execute
    return self.cursor.execute(sql, params)
           ^^^^^^^^^^^^^^^^^^^^^^^^^^^^^^^^
  File "C:\Users\Райан\PycharmProjects\educDjango\venv\Lib\site-packages\django\db\backends\sqlite3\base.py", line 328, in execute
    return super().execute(query, params)
           ^^^^^^^^^^^^^^^^^^^^^^^^^^^^^^
django.db.utils.OperationalError: no such table: myapp2_post
ERROR 2023-09-02 21:38:49,200 basehttp 13168 9324 "GET /admin/myapp2/post/ HTTP/1.1" 500 180301
INFO 2023-09-02 21:38:50,168 basehttp 13168 9324 "GET /admin/ HTTP/1.1" 200 9619
ERROR 2023-09-02 21:38:52,557 log 13168 9324 Internal Server Error: /admin/myapp2/author/
Traceback (most recent call last):
  File "C:\Users\Райан\PycharmProjects\educDjango\venv\Lib\site-packages\django\db\backends\utils.py", line 89, in _execute
    return self.cursor.execute(sql, params)
           ^^^^^^^^^^^^^^^^^^^^^^^^^^^^^^^^
  File "C:\Users\Райан\PycharmProjects\educDjango\venv\Lib\site-packages\django\db\backends\sqlite3\base.py", line 328, in execute
    return super().execute(query, params)
           ^^^^^^^^^^^^^^^^^^^^^^^^^^^^^^
sqlite3.OperationalError: no such table: myapp2_author

The above exception was the direct cause of the following exception:

Traceback (most recent call last):
  File "C:\Users\Райан\PycharmProjects\educDjango\venv\Lib\site-packages\django\core\handlers\exception.py", line 55, in inner
    response = get_response(request)
               ^^^^^^^^^^^^^^^^^^^^^
  File "C:\Users\Райан\PycharmProjects\educDjango\venv\Lib\site-packages\django\core\handlers\base.py", line 197, in _get_response
    response = wrapped_callback(request, *callback_args, **callback_kwargs)
               ^^^^^^^^^^^^^^^^^^^^^^^^^^^^^^^^^^^^^^^^^^^^^^^^^^^^^^^^^^^^
  File "C:\Users\Райан\PycharmProjects\educDjango\venv\Lib\site-packages\django\contrib\admin\options.py", line 688, in wrapper
    return self.admin_site.admin_view(view)(*args, **kwargs)
           ^^^^^^^^^^^^^^^^^^^^^^^^^^^^^^^^^^^^^^^^^^^^^^^^^
  File "C:\Users\Райан\PycharmProjects\educDjango\venv\Lib\site-packages\django\utils\decorators.py", line 134, in _wrapper_view
    response = view_func(request, *args, **kwargs)
               ^^^^^^^^^^^^^^^^^^^^^^^^^^^^^^^^^^^
  File "C:\Users\Райан\PycharmProjects\educDjango\venv\Lib\site-packages\django\views\decorators\cache.py", line 62, in _wrapper_view_func
    response = view_func(request, *args, **kwargs)
               ^^^^^^^^^^^^^^^^^^^^^^^^^^^^^^^^^^^
  File "C:\Users\Райан\PycharmProjects\educDjango\venv\Lib\site-packages\django\contrib\admin\sites.py", line 242, in inner
    return view(request, *args, **kwargs)
           ^^^^^^^^^^^^^^^^^^^^^^^^^^^^^^
  File "C:\Users\Райан\PycharmProjects\educDjango\venv\Lib\site-packages\django\utils\decorators.py", line 46, in _wrapper
    return bound_method(*args, **kwargs)
           ^^^^^^^^^^^^^^^^^^^^^^^^^^^^^
  File "C:\Users\Райан\PycharmProjects\educDjango\venv\Lib\site-packages\django\utils\decorators.py", line 134, in _wrapper_view
    response = view_func(request, *args, **kwargs)
               ^^^^^^^^^^^^^^^^^^^^^^^^^^^^^^^^^^^
  File "C:\Users\Райан\PycharmProjects\educDjango\venv\Lib\site-packages\django\contrib\admin\options.py", line 1926, in changelist_view
    cl = self.get_changelist_instance(request)
         ^^^^^^^^^^^^^^^^^^^^^^^^^^^^^^^^^^^^^
  File "C:\Users\Райан\PycharmProjects\educDjango\venv\Lib\site-packages\django\contrib\admin\options.py", line 836, in get_changelist_instance
    return ChangeList(
           ^^^^^^^^^^^
  File "C:\Users\Райан\PycharmProjects\educDjango\venv\Lib\site-packages\django\contrib\admin\views\main.py", line 123, in __init__
    self.get_results(request)
  File "C:\Users\Райан\PycharmProjects\educDjango\venv\Lib\site-packages\django\contrib\admin\views\main.py", line 279, in get_results
    result_count = paginator.count
                   ^^^^^^^^^^^^^^^
  File "C:\Users\Райан\PycharmProjects\educDjango\venv\Lib\site-packages\django\utils\functional.py", line 57, in __get__
    res = instance.__dict__[self.name] = self.func(instance)
                                         ^^^^^^^^^^^^^^^^^^^
  File "C:\Users\Райан\PycharmProjects\educDjango\venv\Lib\site-packages\django\core\paginator.py", line 93, in count
    return c()
           ^^^
  File "C:\Users\Райан\PycharmProjects\educDjango\venv\Lib\site-packages\django\db\models\query.py", line 608, in count
    return self.query.get_count(using=self.db)
           ^^^^^^^^^^^^^^^^^^^^^^^^^^^^^^^^^^^
  File "C:\Users\Райан\PycharmProjects\educDjango\venv\Lib\site-packages\django\db\models\sql\query.py", line 568, in get_count
    return obj.get_aggregation(using, {"__count": Count("*")})["__count"]
           ^^^^^^^^^^^^^^^^^^^^^^^^^^^^^^^^^^^^^^^^^^^^^^^^^^^
  File "C:\Users\Райан\PycharmProjects\educDjango\venv\Lib\site-packages\django\db\models\sql\query.py", line 554, in get_aggregation
    result = compiler.execute_sql(SINGLE)
             ^^^^^^^^^^^^^^^^^^^^^^^^^^^^
  File "C:\Users\Райан\PycharmProjects\educDjango\venv\Lib\site-packages\django\db\models\sql\compiler.py", line 1562, in execute_sql
    cursor.execute(sql, params)
  File "C:\Users\Райан\PycharmProjects\educDjango\venv\Lib\site-packages\django\db\backends\utils.py", line 102, in execute
    return super().execute(sql, params)
           ^^^^^^^^^^^^^^^^^^^^^^^^^^^^
  File "C:\Users\Райан\PycharmProjects\educDjango\venv\Lib\site-packages\django\db\backends\utils.py", line 67, in execute
    return self._execute_with_wrappers(
           ^^^^^^^^^^^^^^^^^^^^^^^^^^^^
  File "C:\Users\Райан\PycharmProjects\educDjango\venv\Lib\site-packages\django\db\backends\utils.py", line 80, in _execute_with_wrappers
    return executor(sql, params, many, context)
           ^^^^^^^^^^^^^^^^^^^^^^^^^^^^^^^^^^^^
  File "C:\Users\Райан\PycharmProjects\educDjango\venv\Lib\site-packages\django\db\backends\utils.py", line 84, in _execute
    with self.db.wrap_database_errors:
  File "C:\Users\Райан\PycharmProjects\educDjango\venv\Lib\site-packages\django\db\utils.py", line 91, in __exit__
    raise dj_exc_value.with_traceback(traceback) from exc_value
  File "C:\Users\Райан\PycharmProjects\educDjango\venv\Lib\site-packages\django\db\backends\utils.py", line 89, in _execute
    return self.cursor.execute(sql, params)
           ^^^^^^^^^^^^^^^^^^^^^^^^^^^^^^^^
  File "C:\Users\Райан\PycharmProjects\educDjango\venv\Lib\site-packages\django\db\backends\sqlite3\base.py", line 328, in execute
    return super().execute(query, params)
           ^^^^^^^^^^^^^^^^^^^^^^^^^^^^^^
django.db.utils.OperationalError: no such table: myapp2_author
ERROR 2023-09-02 21:38:52,565 basehttp 13168 9324 "GET /admin/myapp2/author/ HTTP/1.1" 500 180403
INFO 2023-09-02 21:39:42,501 autoreload 13168 8328 C:\Users\Райан\PycharmProjects\educDjango\lessonproject\myapp3\models.py changed, reloading.
INFO 2023-09-02 21:39:43,488 autoreload 8008 4260 Watching for file changes with StatReloader
ERROR 2023-09-02 21:40:13,899 log 8008 6992 Internal Server Error: /admin/myapp2/author/
Traceback (most recent call last):
  File "C:\Users\Райан\PycharmProjects\educDjango\venv\Lib\site-packages\django\db\backends\utils.py", line 89, in _execute
    return self.cursor.execute(sql, params)
           ^^^^^^^^^^^^^^^^^^^^^^^^^^^^^^^^
  File "C:\Users\Райан\PycharmProjects\educDjango\venv\Lib\site-packages\django\db\backends\sqlite3\base.py", line 328, in execute
    return super().execute(query, params)
           ^^^^^^^^^^^^^^^^^^^^^^^^^^^^^^
sqlite3.OperationalError: no such table: myapp2_author

The above exception was the direct cause of the following exception:

Traceback (most recent call last):
  File "C:\Users\Райан\PycharmProjects\educDjango\venv\Lib\site-packages\django\core\handlers\exception.py", line 55, in inner
    response = get_response(request)
               ^^^^^^^^^^^^^^^^^^^^^
  File "C:\Users\Райан\PycharmProjects\educDjango\venv\Lib\site-packages\django\core\handlers\base.py", line 197, in _get_response
    response = wrapped_callback(request, *callback_args, **callback_kwargs)
               ^^^^^^^^^^^^^^^^^^^^^^^^^^^^^^^^^^^^^^^^^^^^^^^^^^^^^^^^^^^^
  File "C:\Users\Райан\PycharmProjects\educDjango\venv\Lib\site-packages\django\contrib\admin\options.py", line 688, in wrapper
    return self.admin_site.admin_view(view)(*args, **kwargs)
           ^^^^^^^^^^^^^^^^^^^^^^^^^^^^^^^^^^^^^^^^^^^^^^^^^
  File "C:\Users\Райан\PycharmProjects\educDjango\venv\Lib\site-packages\django\utils\decorators.py", line 134, in _wrapper_view
    response = view_func(request, *args, **kwargs)
               ^^^^^^^^^^^^^^^^^^^^^^^^^^^^^^^^^^^
  File "C:\Users\Райан\PycharmProjects\educDjango\venv\Lib\site-packages\django\views\decorators\cache.py", line 62, in _wrapper_view_func
    response = view_func(request, *args, **kwargs)
               ^^^^^^^^^^^^^^^^^^^^^^^^^^^^^^^^^^^
  File "C:\Users\Райан\PycharmProjects\educDjango\venv\Lib\site-packages\django\contrib\admin\sites.py", line 242, in inner
    return view(request, *args, **kwargs)
           ^^^^^^^^^^^^^^^^^^^^^^^^^^^^^^
  File "C:\Users\Райан\PycharmProjects\educDjango\venv\Lib\site-packages\django\utils\decorators.py", line 46, in _wrapper
    return bound_method(*args, **kwargs)
           ^^^^^^^^^^^^^^^^^^^^^^^^^^^^^
  File "C:\Users\Райан\PycharmProjects\educDjango\venv\Lib\site-packages\django\utils\decorators.py", line 134, in _wrapper_view
    response = view_func(request, *args, **kwargs)
               ^^^^^^^^^^^^^^^^^^^^^^^^^^^^^^^^^^^
  File "C:\Users\Райан\PycharmProjects\educDjango\venv\Lib\site-packages\django\contrib\admin\options.py", line 1926, in changelist_view
    cl = self.get_changelist_instance(request)
         ^^^^^^^^^^^^^^^^^^^^^^^^^^^^^^^^^^^^^
  File "C:\Users\Райан\PycharmProjects\educDjango\venv\Lib\site-packages\django\contrib\admin\options.py", line 836, in get_changelist_instance
    return ChangeList(
           ^^^^^^^^^^^
  File "C:\Users\Райан\PycharmProjects\educDjango\venv\Lib\site-packages\django\contrib\admin\views\main.py", line 123, in __init__
    self.get_results(request)
  File "C:\Users\Райан\PycharmProjects\educDjango\venv\Lib\site-packages\django\contrib\admin\views\main.py", line 279, in get_results
    result_count = paginator.count
                   ^^^^^^^^^^^^^^^
  File "C:\Users\Райан\PycharmProjects\educDjango\venv\Lib\site-packages\django\utils\functional.py", line 57, in __get__
    res = instance.__dict__[self.name] = self.func(instance)
                                         ^^^^^^^^^^^^^^^^^^^
  File "C:\Users\Райан\PycharmProjects\educDjango\venv\Lib\site-packages\django\core\paginator.py", line 93, in count
    return c()
           ^^^
  File "C:\Users\Райан\PycharmProjects\educDjango\venv\Lib\site-packages\django\db\models\query.py", line 608, in count
    return self.query.get_count(using=self.db)
           ^^^^^^^^^^^^^^^^^^^^^^^^^^^^^^^^^^^
  File "C:\Users\Райан\PycharmProjects\educDjango\venv\Lib\site-packages\django\db\models\sql\query.py", line 568, in get_count
    return obj.get_aggregation(using, {"__count": Count("*")})["__count"]
           ^^^^^^^^^^^^^^^^^^^^^^^^^^^^^^^^^^^^^^^^^^^^^^^^^^^
  File "C:\Users\Райан\PycharmProjects\educDjango\venv\Lib\site-packages\django\db\models\sql\query.py", line 554, in get_aggregation
    result = compiler.execute_sql(SINGLE)
             ^^^^^^^^^^^^^^^^^^^^^^^^^^^^
  File "C:\Users\Райан\PycharmProjects\educDjango\venv\Lib\site-packages\django\db\models\sql\compiler.py", line 1562, in execute_sql
    cursor.execute(sql, params)
  File "C:\Users\Райан\PycharmProjects\educDjango\venv\Lib\site-packages\django\db\backends\utils.py", line 102, in execute
    return super().execute(sql, params)
           ^^^^^^^^^^^^^^^^^^^^^^^^^^^^
  File "C:\Users\Райан\PycharmProjects\educDjango\venv\Lib\site-packages\django\db\backends\utils.py", line 67, in execute
    return self._execute_with_wrappers(
           ^^^^^^^^^^^^^^^^^^^^^^^^^^^^
  File "C:\Users\Райан\PycharmProjects\educDjango\venv\Lib\site-packages\django\db\backends\utils.py", line 80, in _execute_with_wrappers
    return executor(sql, params, many, context)
           ^^^^^^^^^^^^^^^^^^^^^^^^^^^^^^^^^^^^
  File "C:\Users\Райан\PycharmProjects\educDjango\venv\Lib\site-packages\django\db\backends\utils.py", line 84, in _execute
    with self.db.wrap_database_errors:
  File "C:\Users\Райан\PycharmProjects\educDjango\venv\Lib\site-packages\django\db\utils.py", line 91, in __exit__
    raise dj_exc_value.with_traceback(traceback) from exc_value
  File "C:\Users\Райан\PycharmProjects\educDjango\venv\Lib\site-packages\django\db\backends\utils.py", line 89, in _execute
    return self.cursor.execute(sql, params)
           ^^^^^^^^^^^^^^^^^^^^^^^^^^^^^^^^
  File "C:\Users\Райан\PycharmProjects\educDjango\venv\Lib\site-packages\django\db\backends\sqlite3\base.py", line 328, in execute
    return super().execute(query, params)
           ^^^^^^^^^^^^^^^^^^^^^^^^^^^^^^
django.db.utils.OperationalError: no such table: myapp2_author
ERROR 2023-09-02 21:40:13,914 basehttp 8008 6992 "GET /admin/myapp2/author/ HTTP/1.1" 500 179680
INFO 2023-09-02 21:40:14,705 basehttp 8008 6992 "GET /admin/ HTTP/1.1" 200 9619
INFO 2023-09-02 21:40:27,575 basehttp 8008 6992 "GET /admin/auth/group/ HTTP/1.1" 200 10596
INFO 2023-09-02 21:40:27,601 basehttp 8008 6992 "GET /admin/jsi18n/ HTTP/1.1" 200 16066
INFO 2023-09-02 21:40:30,755 basehttp 8008 6992 "GET /admin/auth/user/ HTTP/1.1" 200 13697
INFO 2023-09-02 21:40:30,773 basehttp 8008 6992 "GET /admin/jsi18n/ HTTP/1.1" 200 16066
INFO 2023-09-02 21:40:34,351 basehttp 8008 6992 "GET /admin/auth/user/1/change/ HTTP/1.1" 200 25485
INFO 2023-09-02 21:40:34,374 basehttp 8008 6992 "GET /admin/jsi18n/ HTTP/1.1" 200 16066
INFO 2023-09-02 21:40:37,868 basehttp 8008 6992 "GET /admin/auth/user/ HTTP/1.1" 200 13697
INFO 2023-09-02 21:40:37,888 basehttp 8008 6992 "GET /admin/jsi18n/ HTTP/1.1" 200 16066
INFO 2023-09-02 21:40:39,676 basehttp 8008 6992 "GET /admin/auth/user/2/change/ HTTP/1.1" 200 25494
INFO 2023-09-02 21:40:39,696 basehttp 8008 6992 "GET /admin/jsi18n/ HTTP/1.1" 200 16066
INFO 2023-09-02 21:41:07,051 basehttp 8008 6992 "POST /admin/auth/user/2/change/ HTTP/1.1" 302 0
INFO 2023-09-02 21:41:07,107 basehttp 8008 6992 "GET /admin/auth/user/ HTTP/1.1" 200 13917
INFO 2023-09-02 21:41:07,154 basehttp 8008 6992 "GET /admin/jsi18n/ HTTP/1.1" 200 16066
INFO 2023-09-02 21:41:08,746 basehttp 8008 6992 "GET /admin/auth/user/2/change/ HTTP/1.1" 200 25521
INFO 2023-09-02 21:41:08,765 basehttp 8008 6992 "GET /admin/jsi18n/ HTTP/1.1" 200 16066
INFO 2023-09-02 21:41:14,547 basehttp 8008 6992 "POST /admin/logout/ HTTP/1.1" 200 3709
INFO 2023-09-02 21:41:15,773 basehttp 8008 6992 "GET /admin/ HTTP/1.1" 302 0
INFO 2023-09-02 21:41:15,787 basehttp 8008 6992 "GET /admin/login/?next=/admin/ HTTP/1.1" 200 4267
INFO 2023-09-02 21:41:25,197 basehttp 8008 6992 "POST /admin/login/?next=/admin/ HTTP/1.1" 302 0
INFO 2023-09-02 21:41:25,224 basehttp 8008 6992 "GET /admin/ HTTP/1.1" 200 4798
INFO 2023-09-02 21:45:34,531 autoreload 11808 11388 Watching for file changes with StatReloader
INFO 2023-09-02 21:45:40,226 basehttp 11808 11956 "GET /admin/ HTTP/1.1" 200 4798
INFO 2023-09-02 21:45:40,980 basehttp 11808 11956 "GET /admin/ HTTP/1.1" 200 4798
INFO 2023-09-02 21:45:41,186 basehttp 11808 11956 "GET /admin/ HTTP/1.1" 200 4798
INFO 2023-09-02 21:45:41,444 basehttp 11808 11956 "GET /admin/ HTTP/1.1" 200 4798
INFO 2023-09-02 21:45:43,389 basehttp 11808 11956 "POST /admin/logout/ HTTP/1.1" 200 3709
INFO 2023-09-02 21:45:44,859 basehttp 11808 11956 "GET /admin/ HTTP/1.1" 302 0
INFO 2023-09-02 21:45:44,878 basehttp 11808 11956 "GET /admin/login/?next=/admin/ HTTP/1.1" 200 4267
INFO 2023-09-02 21:45:54,217 basehttp 11808 11956 "POST /admin/login/?next=/admin/ HTTP/1.1" 302 0
INFO 2023-09-02 21:45:54,244 basehttp 11808 11956 "GET /admin/ HTTP/1.1" 200 9918
INFO 2023-09-02 21:45:56,162 basehttp 11808 11956 "GET /admin/myapp2/author/ HTTP/1.1" 200 8967
INFO 2023-09-02 21:45:56,199 basehttp 11808 11956 "GET /admin/jsi18n/ HTTP/1.1" 200 16066
INFO 2023-09-02 21:46:00,628 basehttp 11808 11956 "GET /admin/myapp2/author/add/ HTTP/1.1" 200 10431
INFO 2023-09-02 21:46:00,651 basehttp 11808 11956 "GET /admin/jsi18n/ HTTP/1.1" 200 16066
INFO 2023-09-02 21:46:05,712 basehttp 11808 11956 "POST /admin/myapp2/author/add/ HTTP/1.1" 302 0
INFO 2023-09-02 21:46:05,766 basehttp 11808 11956 "GET /admin/myapp2/author/ HTTP/1.1" 200 10490
INFO 2023-09-02 21:46:05,787 basehttp 11808 11956 "GET /admin/jsi18n/ HTTP/1.1" 200 16066
INFO 2023-09-02 21:46:10,123 basehttp 11808 11956 "GET /admin/myapp2/post/ HTTP/1.1" 200 8953
INFO 2023-09-02 21:46:10,141 basehttp 11808 11956 "GET /admin/jsi18n/ HTTP/1.1" 200 16066
INFO 2023-09-02 21:46:12,005 basehttp 11808 11956 "GET /admin/myapp5/category/ HTTP/1.1" 200 8981
INFO 2023-09-02 21:46:12,023 basehttp 11808 11956 "GET /admin/jsi18n/ HTTP/1.1" 200 16066
INFO 2023-09-02 21:46:13,601 basehttp 11808 11956 "GET /admin/myapp5/category/add/ HTTP/1.1" 200 9822
INFO 2023-09-02 21:46:13,620 basehttp 11808 11956 "GET /admin/jsi18n/ HTTP/1.1" 200 16066
INFO 2023-09-02 21:46:21,886 basehttp 11808 11956 "POST /admin/myapp5/category/add/ HTTP/1.1" 302 0
INFO 2023-09-02 21:46:21,921 basehttp 11808 11956 "GET /admin/myapp5/category/ HTTP/1.1" 200 10448
INFO 2023-09-02 21:46:21,956 basehttp 11808 11956 "GET /admin/jsi18n/ HTTP/1.1" 200 16066
INFO 2023-09-02 21:46:28,338 basehttp 11808 11956 "GET /admin/myapp5/product/ HTTP/1.1" 200 8974
INFO 2023-09-02 21:46:28,355 basehttp 11808 11956 "GET /admin/jsi18n/ HTTP/1.1" 200 16066
INFO 2023-09-02 21:46:30,452 basehttp 11808 11956 "GET /admin/myapp5/product/add/ HTTP/1.1" 200 11633
INFO 2023-09-02 21:46:30,473 basehttp 11808 11956 "GET /admin/jsi18n/ HTTP/1.1" 200 16066
INFO 2023-09-02 21:46:46,961 basehttp 11808 11956 "POST /admin/myapp5/product/add/ HTTP/1.1" 302 0
INFO 2023-09-02 21:46:46,994 basehttp 11808 11956 "GET /admin/myapp5/product/ HTTP/1.1" 200 10466
INFO 2023-09-02 21:46:47,021 basehttp 11808 11956 "GET /admin/jsi18n/ HTTP/1.1" 200 16066
INFO 2023-09-02 21:46:50,205 basehttp 11808 11956 "GET /admin/myapp5/category/ HTTP/1.1" 200 10236
INFO 2023-09-02 21:46:50,221 basehttp 11808 11956 "GET /admin/jsi18n/ HTTP/1.1" 200 16066
INFO 2023-09-02 21:46:51,869 basehttp 11808 11956 "GET /admin/myapp5/product/ HTTP/1.1" 200 10241
INFO 2023-09-02 21:46:51,884 basehttp 11808 11956 "GET /admin/jsi18n/ HTTP/1.1" 200 16066
INFO 2023-09-02 21:46:52,682 basehttp 11808 11956 "GET /admin/myapp5/category/ HTTP/1.1" 200 10236
INFO 2023-09-02 21:46:52,699 basehttp 11808 11956 "GET /admin/jsi18n/ HTTP/1.1" 200 16066
INFO 2023-09-02 21:46:55,125 basehttp 11808 11956 "GET /admin/myapp5/category/1/change/ HTTP/1.1" 200 10046
INFO 2023-09-02 21:46:55,147 basehttp 11808 11956 "GET /admin/jsi18n/ HTTP/1.1" 200 16066
INFO 2023-09-02 21:46:58,871 basehttp 11808 11956 "GET /admin/myapp2/post/ HTTP/1.1" 200 8953
INFO 2023-09-02 21:46:58,890 basehttp 11808 11956 "GET /admin/jsi18n/ HTTP/1.1" 200 16066
INFO 2023-09-02 21:47:00,703 basehttp 11808 11956 "GET /admin/myapp2/post/add/ HTTP/1.1" 200 12263
INFO 2023-09-02 21:47:00,722 basehttp 11808 11956 "GET /admin/jsi18n/ HTTP/1.1" 200 16066
INFO 2023-09-02 21:47:06,451 basehttp 11808 11956 "POST /admin/myapp2/post/add/ HTTP/1.1" 200 12466
INFO 2023-09-02 21:47:06,485 basehttp 11808 11956 "GET /admin/jsi18n/ HTTP/1.1" 200 16066
INFO 2023-09-02 21:47:10,130 basehttp 11808 11956 "POST /admin/myapp2/post/add/ HTTP/1.1" 302 0
INFO 2023-09-02 21:47:10,160 basehttp 11808 11956 "GET /admin/myapp2/post/ HTTP/1.1" 200 10422
INFO 2023-09-02 21:47:10,184 basehttp 11808 11956 "GET /admin/jsi18n/ HTTP/1.1" 200 16066
INFO 2023-09-02 21:54:06,428 autoreload 11808 11388 C:\Users\Райан\PycharmProjects\educDjango\lessonproject\myapp5\models.py changed, reloading.
INFO 2023-09-02 21:54:08,533 autoreload 9324 6556 Watching for file changes with StatReloader
INFO 2023-09-02 21:54:19,299 autoreload 9324 6556 C:\Users\Райан\PycharmProjects\educDjango\lessonproject\myapp5\models.py changed, reloading.
INFO 2023-09-02 21:54:21,823 autoreload 13288 13172 Watching for file changes with StatReloader
INFO 2023-09-02 21:54:34,549 autoreload 13288 13172 C:\Users\Райан\PycharmProjects\educDjango\lessonproject\myapp5\models.py changed, reloading.
INFO 2023-09-02 21:54:35,918 autoreload 3644 10984 Watching for file changes with StatReloader
INFO 2023-09-02 21:55:15,761 autoreload 3644 10984 C:\Users\Райан\PycharmProjects\educDjango\lessonproject\myapp5\models.py changed, reloading.
INFO 2023-09-02 21:55:17,606 autoreload 7408 13044 Watching for file changes with StatReloader
INFO 2023-09-02 21:55:57,630 autoreload 7408 13044 C:\Users\Райан\PycharmProjects\educDjango\lessonproject\myapp5\models.py changed, reloading.
INFO 2023-09-02 21:55:59,322 autoreload 5892 3836 Watching for file changes with StatReloader
INFO 2023-09-02 21:56:24,524 autoreload 5892 3836 C:\Users\Райан\PycharmProjects\educDjango\lessonproject\myapp5\models.py changed, reloading.
INFO 2023-09-02 21:56:26,519 autoreload 4644 12452 Watching for file changes with StatReloader
INFO 2023-09-02 21:56:38,090 autoreload 4644 12452 C:\Users\Райан\PycharmProjects\educDjango\lessonproject\myapp5\models.py changed, reloading.
INFO 2023-09-02 21:56:39,686 autoreload 6608 3696 Watching for file changes with StatReloader
INFO 2023-09-02 21:56:55,107 autoreload 6608 3696 C:\Users\Райан\PycharmProjects\educDjango\lessonproject\myapp5\models.py changed, reloading.
INFO 2023-09-02 21:56:56,587 autoreload 6284 1976 Watching for file changes with StatReloader
INFO 2023-09-02 21:57:19,582 autoreload 6284 1976 C:\Users\Райан\PycharmProjects\educDjango\lessonproject\myapp5\models.py changed, reloading.
INFO 2023-09-02 21:57:20,979 autoreload 5768 1348 Watching for file changes with StatReloader
INFO 2023-09-02 21:57:28,105 autoreload 5768 1348 C:\Users\Райан\PycharmProjects\educDjango\lessonproject\myapp5\models.py changed, reloading.
INFO 2023-09-02 21:57:29,364 autoreload 11484 4428 Watching for file changes with StatReloader
INFO 2023-09-02 21:58:09,890 autoreload 11484 4428 C:\Users\Райан\PycharmProjects\educDjango\lessonproject\myapp5\models.py changed, reloading.
INFO 2023-09-02 21:58:11,704 autoreload 10288 8840 Watching for file changes with StatReloader
INFO 2023-09-02 21:58:43,330 autoreload 10288 8840 C:\Users\Райан\PycharmProjects\educDjango\lessonproject\myapp5\models.py changed, reloading.
INFO 2023-09-02 21:58:44,537 autoreload 4956 9984 Watching for file changes with StatReloader
INFO 2023-09-02 21:59:07,584 autoreload 4956 9984 C:\Users\Райан\PycharmProjects\educDjango\lessonproject\myapp5\models.py changed, reloading.
INFO 2023-09-02 21:59:09,233 autoreload 11980 7660 Watching for file changes with StatReloader
INFO 2023-09-02 21:59:31,506 autoreload 11980 7660 C:\Users\Райан\PycharmProjects\educDjango\lessonproject\myapp5\models.py changed, reloading.
INFO 2023-09-02 21:59:34,376 autoreload 10716 11012 Watching for file changes with StatReloader
INFO 2023-09-02 21:59:43,682 autoreload 10716 11012 C:\Users\Райан\PycharmProjects\educDjango\lessonproject\myapp5\models.py changed, reloading.
INFO 2023-09-02 21:59:44,639 autoreload 4380 13216 Watching for file changes with StatReloader
INFO 2023-09-02 22:00:03,559 autoreload 4380 13216 C:\Users\Райан\PycharmProjects\educDjango\lessonproject\myapp5\models.py changed, reloading.
INFO 2023-09-02 22:00:04,897 autoreload 10808 5484 Watching for file changes with StatReloader
INFO 2023-09-02 22:00:19,432 autoreload 10808 5484 C:\Users\Райан\PycharmProjects\educDjango\lessonproject\myapp5\models.py changed, reloading.
INFO 2023-09-02 22:00:20,881 autoreload 12220 4132 Watching for file changes with StatReloader
INFO 2023-09-02 22:03:12,010 autoreload 13292 8680 Watching for file changes with StatReloader
INFO 2023-09-02 22:03:19,493 basehttp 13292 12796 "GET /admin/myapp2/post/ HTTP/1.1" 200 10207
INFO 2023-09-02 22:03:19,515 basehttp 13292 12796 "GET /admin/jsi18n/ HTTP/1.1" 200 16066
INFO 2023-09-02 22:03:35,403 basehttp 13292 12796 "GET /admin/myapp5/product/ HTTP/1.1" 200 10241
INFO 2023-09-02 22:03:35,425 basehttp 13292 12796 "GET /admin/jsi18n/ HTTP/1.1" 200 16066
INFO 2023-09-02 22:03:48,873 basehttp 13292 12796 "GET /admin/myapp5/category/ HTTP/1.1" 200 10236
INFO 2023-09-02 22:03:48,892 basehttp 13292 12796 "GET /admin/jsi18n/ HTTP/1.1" 200 16066
INFO 2023-09-02 22:03:50,732 basehttp 13292 12796 "GET /admin/myapp5/category/1/change/ HTTP/1.1" 200 10046
INFO 2023-09-02 22:03:50,774 basehttp 13292 12796 "GET /admin/jsi18n/ HTTP/1.1" 200 16066
INFO 2023-09-02 22:03:54,461 basehttp 13292 12796 "GET /admin/myapp5/product/ HTTP/1.1" 200 10241
INFO 2023-09-02 22:03:54,486 basehttp 13292 12796 "GET /admin/jsi18n/ HTTP/1.1" 200 16066
INFO 2023-09-02 22:03:56,874 basehttp 13292 12796 "GET /admin/myapp5/product/ HTTP/1.1" 200 10241
INFO 2023-09-02 22:03:56,911 basehttp 13292 12796 "GET /admin/jsi18n/ HTTP/1.1" 200 16066
INFO 2023-09-02 22:04:08,446 basehttp 13292 12796 "GET /admin/myapp5/product/1/change/ HTTP/1.1" 200 14441
INFO 2023-09-02 22:04:08,471 basehttp 13292 12796 "GET /admin/jsi18n/ HTTP/1.1" 200 16066
INFO 2023-09-02 22:05:06,445 autoreload 13292 8680 C:\Users\Райан\PycharmProjects\educDjango\lessonproject\myapp5\admin.py changed, reloading.
INFO 2023-09-02 22:05:07,413 autoreload 7496 6272 Watching for file changes with StatReloader
INFO 2023-09-02 22:05:18,340 autoreload 7496 6272 C:\Users\Райан\PycharmProjects\educDjango\lessonproject\myapp5\admin.py changed, reloading.
INFO 2023-09-02 22:05:19,361 autoreload 5664 5524 Watching for file changes with StatReloader
INFO 2023-09-02 22:05:36,160 autoreload 5664 5524 C:\Users\Райан\PycharmProjects\educDjango\lessonproject\myapp5\admin.py changed, reloading.
INFO 2023-09-02 22:05:38,232 autoreload 10132 5572 Watching for file changes with StatReloader
INFO 2023-09-02 22:06:36,235 autoreload 10132 5572 C:\Users\Райан\PycharmProjects\educDjango\lessonproject\myapp5\admin.py changed, reloading.
INFO 2023-09-02 22:06:38,466 autoreload 7980 9168 Watching for file changes with StatReloader
INFO 2023-09-02 22:06:47,630 basehttp 7980 4440 "GET /admin/myapp5/product/ HTTP/1.1" 200 10615
INFO 2023-09-02 22:06:47,657 basehttp 7980 4440 "GET /admin/jsi18n/ HTTP/1.1" 200 16066
INFO 2023-09-02 22:07:01,260 basehttp 7980 4440 "GET /admin/myapp5/product/?o=1 HTTP/1.1" 200 10971
INFO 2023-09-02 22:07:01,301 basehttp 7980 4440 "GET /admin/jsi18n/ HTTP/1.1" 200 16066
INFO 2023-09-02 22:07:59,015 basehttp 7980 4440 "GET /admin/myapp5/product/?o=3.1 HTTP/1.1" 200 11457
INFO 2023-09-02 22:07:59,036 basehttp 7980 4440 "GET /admin/jsi18n/ HTTP/1.1" 200 16066
INFO 2023-09-02 22:08:00,706 basehttp 7980 4440 "GET /admin/myapp5/product/?o=1 HTTP/1.1" 200 10971
INFO 2023-09-02 22:08:00,798 basehttp 7980 4440 "GET /admin/jsi18n/ HTTP/1.1" 200 16066
INFO 2023-09-02 22:08:20,072 autoreload 7980 9168 C:\Users\Райан\PycharmProjects\educDjango\lessonproject\myapp5\admin.py changed, reloading.
INFO 2023-09-02 22:08:21,202 autoreload 6936 2620 Watching for file changes with StatReloader
INFO 2023-09-02 22:08:54,002 autoreload 6936 2620 C:\Users\Райан\PycharmProjects\educDjango\lessonproject\myapp5\admin.py changed, reloading.
INFO 2023-09-02 22:08:56,238 autoreload 5828 4864 Watching for file changes with StatReloader
INFO 2023-09-02 22:09:08,749 autoreload 5828 4864 C:\Users\Райан\PycharmProjects\educDjango\lessonproject\myapp5\admin.py changed, reloading.
INFO 2023-09-02 22:09:09,811 autoreload 4144 5152 Watching for file changes with StatReloader
INFO 2023-09-02 22:09:20,353 basehttp 4144 10996 "GET /admin/myapp5/product/ HTTP/1.1" 200 11405
INFO 2023-09-02 22:09:20,392 basehttp 4144 10996 "GET /admin/jsi18n/ HTTP/1.1" 200 16066
INFO 2023-09-02 22:09:42,608 basehttp 4144 10996 "GET /admin/myapp5/product/add/ HTTP/1.1" 200 14156
INFO 2023-09-02 22:09:42,631 basehttp 4144 10996 "GET /admin/jsi18n/ HTTP/1.1" 200 16066
INFO 2023-09-02 22:10:02,377 basehttp 4144 10996 "GET /admin/myapp5/category/add/ HTTP/1.1" 200 9822
INFO 2023-09-02 22:10:02,398 basehttp 4144 10996 "GET /admin/jsi18n/ HTTP/1.1" 200 16066
INFO 2023-09-02 22:10:08,337 basehttp 4144 10996 "POST /admin/myapp5/category/add/ HTTP/1.1" 302 0
INFO 2023-09-02 22:10:08,390 basehttp 4144 10996 "GET /admin/myapp5/category/ HTTP/1.1" 200 10655
INFO 2023-09-02 22:10:08,413 basehttp 4144 10996 "GET /admin/jsi18n/ HTTP/1.1" 200 16066
INFO 2023-09-02 22:10:17,336 basehttp 4144 10996 "GET /admin/myapp5/category/add/ HTTP/1.1" 200 9822
INFO 2023-09-02 22:10:17,357 basehttp 4144 10996 "GET /admin/jsi18n/ HTTP/1.1" 200 16066
INFO 2023-09-02 22:10:31,884 basehttp 4144 10996 "POST /admin/myapp5/category/add/ HTTP/1.1" 302 0
INFO 2023-09-02 22:10:31,934 basehttp 4144 10996 "GET /admin/myapp5/category/ HTTP/1.1" 200 10871
INFO 2023-09-02 22:10:31,956 basehttp 4144 10996 "GET /admin/jsi18n/ HTTP/1.1" 200 16066
INFO 2023-09-02 22:10:34,245 basehttp 4144 10996 "GET /admin/myapp5/product/ HTTP/1.1" 200 11405
INFO 2023-09-02 22:10:34,261 basehttp 4144 10996 "GET /admin/jsi18n/ HTTP/1.1" 200 16066
INFO 2023-09-02 22:10:39,847 basehttp 4144 10996 "GET /admin/myapp5/product/add/ HTTP/1.1" 200 14234
INFO 2023-09-02 22:10:39,865 basehttp 4144 10996 "GET /admin/jsi18n/ HTTP/1.1" 200 16066
INFO 2023-09-02 22:11:10,233 basehttp 4144 10996 "POST /admin/myapp5/product/add/ HTTP/1.1" 302 0
INFO 2023-09-02 22:11:10,280 basehttp 4144 10996 "GET /admin/myapp5/product/ HTTP/1.1" 200 11940
INFO 2023-09-02 22:11:10,301 basehttp 4144 10996 "GET /admin/jsi18n/ HTTP/1.1" 200 16066
INFO 2023-09-02 22:11:14,922 basehttp 4144 10996 "GET /admin/myapp5/product/add/ HTTP/1.1" 200 14234
INFO 2023-09-02 22:11:14,941 basehttp 4144 10996 "GET /admin/jsi18n/ HTTP/1.1" 200 16066
INFO 2023-09-02 22:12:05,005 basehttp 4144 10996 "POST /admin/myapp5/product/add/ HTTP/1.1" 302 0
INFO 2023-09-02 22:12:05,055 basehttp 4144 10996 "GET /admin/myapp5/product/ HTTP/1.1" 200 12212
INFO 2023-09-02 22:12:05,081 basehttp 4144 10996 "GET /admin/jsi18n/ HTTP/1.1" 200 16066
INFO 2023-09-02 22:12:21,062 basehttp 4144 10996 "GET /admin/myapp5/product/?o=-2.-3 HTTP/1.1" 200 12124
INFO 2023-09-02 22:12:21,101 basehttp 4144 10996 "GET /admin/jsi18n/ HTTP/1.1" 200 16066
INFO 2023-09-02 22:12:23,064 basehttp 4144 10996 "GET /admin/myapp5/product/?o=-2 HTTP/1.1" 200 11624
INFO 2023-09-02 22:12:23,086 basehttp 4144 10996 "GET /admin/jsi18n/ HTTP/1.1" 200 16066
INFO 2023-09-02 22:12:25,390 basehttp 4144 10996 "GET /admin/myapp5/product/?o=2 HTTP/1.1" 200 11618
INFO 2023-09-02 22:12:25,419 basehttp 4144 10996 "GET /admin/jsi18n/ HTTP/1.1" 200 16066
INFO 2023-09-02 22:12:36,435 basehttp 4144 10996 "GET /admin/myapp5/product/?o= HTTP/1.1" 200 11310
INFO 2023-09-02 22:12:36,461 basehttp 4144 10996 "GET /admin/jsi18n/ HTTP/1.1" 200 16066
INFO 2023-09-02 22:13:18,620 autoreload 4144 5152 C:\Users\Райан\PycharmProjects\educDjango\lessonproject\myapp5\admin.py changed, reloading.
INFO 2023-09-02 22:13:20,189 autoreload 3020 2340 Watching for file changes with StatReloader
INFO 2023-09-02 22:13:23,101 autoreload 3020 2340 C:\Users\Райан\PycharmProjects\educDjango\lessonproject\myapp5\admin.py changed, reloading.
INFO 2023-09-02 22:13:24,950 autoreload 8004 3032 Watching for file changes with StatReloader
INFO 2023-09-02 22:13:45,993 basehttp 8004 1392 "GET /admin/myapp5/product/?o= HTTP/1.1" 200 12539
INFO 2023-09-02 22:13:46,021 basehttp 8004 1392 "GET /admin/jsi18n/ HTTP/1.1" 200 16066
INFO 2023-09-02 22:13:53,167 basehttp 8004 1392 "GET /admin/myapp5/product/?o= HTTP/1.1" 200 12539
INFO 2023-09-02 22:13:53,186 basehttp 8004 1392 "GET /admin/jsi18n/ HTTP/1.1" 200 16066
INFO 2023-09-02 22:13:54,344 basehttp 8004 1392 "GET /admin/myapp5/product/?o= HTTP/1.1" 200 12539
INFO 2023-09-02 22:13:54,362 basehttp 8004 1392 "GET /admin/jsi18n/ HTTP/1.1" 200 16066
INFO 2023-09-02 22:13:55,068 basehttp 8004 1392 "GET /admin/myapp5/product/?date_added__gte=2023-09-02+00%3A00%3A00%2B00%3A00&date_added__lt=2023-09-03+00%3A00%3A00%2B00%3A00&o= HTTP/1.1" 200 13713
INFO 2023-09-02 22:13:55,085 basehttp 8004 1392 "GET /admin/jsi18n/ HTTP/1.1" 200 16066
INFO 2023-09-02 22:13:56,479 basehttp 8004 1392 "GET /admin/myapp5/product/?date_added__gte=2023-08-26+00%3A00%3A00%2B00%3A00&date_added__lt=2023-09-03+00%3A00%3A00%2B00%3A00&o= HTTP/1.1" 200 13713
INFO 2023-09-02 22:13:56,496 basehttp 8004 1392 "GET /admin/jsi18n/ HTTP/1.1" 200 16066
INFO 2023-09-02 22:13:57,693 basehttp 8004 1392 "GET /admin/myapp5/product/?date_added__gte=2023-08-26+00%3A00%3A00%2B00%3A00&date_added__lt=2023-09-03+00%3A00%3A00%2B00%3A00&o= HTTP/1.1" 200 13713
INFO 2023-09-02 22:13:57,712 basehttp 8004 1392 "GET /admin/jsi18n/ HTTP/1.1" 200 16066
INFO 2023-09-02 22:14:00,663 basehttp 8004 1392 "GET /admin/myapp5/product/?date_added__gte=2023-09-01+00%3A00%3A00%2B00%3A00&date_added__lt=2023-10-01+00%3A00%3A00%2B00%3A00&o= HTTP/1.1" 200 13713
INFO 2023-09-02 22:14:00,680 basehttp 8004 1392 "GET /admin/jsi18n/ HTTP/1.1" 200 16066
INFO 2023-09-02 22:14:02,366 basehttp 8004 1392 "GET /admin/myapp5/product/?date_added__gte=2023-09-01+00%3A00%3A00%2B00%3A00&date_added__lt=2023-10-01+00%3A00%3A00%2B00%3A00&o= HTTP/1.1" 200 13713
INFO 2023-09-02 22:14:02,383 basehttp 8004 1392 "GET /admin/jsi18n/ HTTP/1.1" 200 16066
INFO 2023-09-02 22:14:43,277 basehttp 8004 1392 "GET /admin/myapp5/product/?date_added__gte=2023-09-01+00%3A00%3A00%2B00%3A00&date_added__lt=2023-10-01+00%3A00%3A00%2B00%3A00&o=&price=999999.99 HTTP/1.1" 200 13953
INFO 2023-09-02 22:14:43,319 basehttp 8004 1392 "GET /admin/jsi18n/ HTTP/1.1" 200 16066
INFO 2023-09-02 22:15:10,657 basehttp 8004 1392 "GET /admin/myapp5/product/?o= HTTP/1.1" 200 12539
INFO 2023-09-02 22:15:10,681 basehttp 8004 1392 "GET /admin/jsi18n/ HTTP/1.1" 200 16066
INFO 2023-09-02 22:15:39,150 autoreload 8004 3032 C:\Users\Райан\PycharmProjects\educDjango\lessonproject\myapp5\admin.py changed, reloading.
INFO 2023-09-02 22:15:40,163 autoreload 12076 3308 Watching for file changes with StatReloader
INFO 2023-09-02 22:15:58,981 basehttp 12076 11616 "GET /admin/myapp5/product/?o= HTTP/1.1" 200 13078
INFO 2023-09-02 22:15:59,008 basehttp 12076 11616 "GET /admin/jsi18n/ HTTP/1.1" 200 16066
INFO 2023-09-02 22:16:24,466 basehttp 12076 11616 "GET /admin/myapp5/product/?q=%D1%81%D0%B2%D0%B5%D0%B6%D0%B8%D0%B9&o= HTTP/1.1" 200 11883
INFO 2023-09-02 22:16:24,501 basehttp 12076 11616 "GET /admin/jsi18n/ HTTP/1.1" 200 16066
INFO 2023-09-02 22:16:36,662 basehttp 12076 11616 "GET /admin/myapp5/product/ HTTP/1.1" 200 13684
INFO 2023-09-02 22:16:36,692 basehttp 12076 11616 "GET /admin/jsi18n/ HTTP/1.1" 200 16066
INFO 2023-09-02 22:16:48,203 basehttp 12076 11616 "GET /admin/myapp5/product/3/change/ HTTP/1.1" 200 14492
INFO 2023-09-02 22:16:48,249 basehttp 12076 11616 "GET /admin/jsi18n/ HTTP/1.1" 200 16066
INFO 2023-09-02 22:16:56,974 basehttp 12076 11616 "GET /admin/myapp5/category/ HTTP/1.1" 200 10657
INFO 2023-09-02 22:16:57,022 basehttp 12076 11616 "GET /admin/jsi18n/ HTTP/1.1" 200 16066
INFO 2023-09-02 22:17:03,096 basehttp 12076 11616 "GET /admin/myapp5/category/1/change/ HTTP/1.1" 200 10046
INFO 2023-09-02 22:17:03,114 basehttp 12076 11616 "GET /admin/jsi18n/ HTTP/1.1" 200 16066
INFO 2023-09-02 22:17:05,013 basehttp 12076 11616 "GET /admin/myapp5/category/ HTTP/1.1" 200 10657
INFO 2023-09-02 22:17:05,034 basehttp 12076 11616 "GET /admin/jsi18n/ HTTP/1.1" 200 16066
INFO 2023-09-02 22:17:05,903 basehttp 12076 11616 "GET /admin/myapp5/product/ HTTP/1.1" 200 13684
INFO 2023-09-02 22:17:05,930 basehttp 12076 11616 "GET /admin/jsi18n/ HTTP/1.1" 200 16066
INFO 2023-09-02 22:17:12,926 basehttp 12076 11616 "GET /admin/myapp5/product/?q=%D0%A1%D0%B2%D0%B5%D0%B6%D0%B8%D0%B9+%D1%83%D1%80%D0%BE%D0%B6%D0%B0%D0%B9 HTTP/1.1" 200 14605
INFO 2023-09-02 22:17:12,961 basehttp 12076 11616 "GET /admin/jsi18n/ HTTP/1.1" 200 16066
INFO 2023-09-02 22:17:18,938 basehttp 12076 11616 "GET /admin/myapp5/product/?q=+%D1%83%D1%80%D0%BE%D0%B6%D0%B0%D0%B9 HTTP/1.1" 200 13969
INFO 2023-09-02 22:17:18,961 basehttp 12076 11616 "GET /admin/jsi18n/ HTTP/1.1" 200 16066
INFO 2023-09-02 22:17:19,575 basehttp 12076 11616 "GET /admin/myapp5/product/?q=+%D1%83%D1%80%D0%BE%D0%B6%D0%B0%D0%B9 HTTP/1.1" 200 13969
INFO 2023-09-02 22:17:19,616 basehttp 12076 11616 "GET /admin/jsi18n/ HTTP/1.1" 200 16066
INFO 2023-09-02 22:17:41,898 autoreload 12076 3308 C:\Users\Райан\PycharmProjects\educDjango\lessonproject\myapp5\admin.py changed, reloading.
INFO 2023-09-02 22:17:43,051 autoreload 11984 6404 Watching for file changes with StatReloader
INFO 2023-09-02 22:18:19,266 autoreload 11984 6404 C:\Users\Райан\PycharmProjects\educDjango\lessonproject\myapp5\admin.py changed, reloading.
INFO 2023-09-02 22:18:20,526 autoreload 11656 1644 Watching for file changes with StatReloader
INFO 2023-09-02 22:18:26,353 autoreload 11656 1644 C:\Users\Райан\PycharmProjects\educDjango\lessonproject\myapp5\admin.py changed, reloading.
INFO 2023-09-02 22:18:28,664 autoreload 2836 11104 Watching for file changes with StatReloader
INFO 2023-09-02 22:19:06,113 basehttp 2836 8124 "GET /admin/myapp5/product/?q=+%D1%83%D1%80%D0%BE%D0%B6%D0%B0%D0%B9 HTTP/1.1" 200 14062
INFO 2023-09-02 22:19:06,155 basehttp 2836 8124 "GET /admin/jsi18n/ HTTP/1.1" 200 16066
INFO 2023-09-02 22:19:50,991 basehttp 2836 8124 "GET /admin/myapp5/product/ HTTP/1.1" 200 13777
INFO 2023-09-02 22:19:51,012 basehttp 2836 8124 "GET /admin/jsi18n/ HTTP/1.1" 200 16066
INFO 2023-09-02 22:20:00,473 basehttp 2836 8124 "POST /admin/myapp5/product/ HTTP/1.1" 302 0
INFO 2023-09-02 22:20:00,554 basehttp 2836 8124 "GET /admin/myapp5/product/ HTTP/1.1" 200 13777
INFO 2023-09-02 22:20:00,623 basehttp 2836 8124 "GET /admin/jsi18n/ HTTP/1.1" 200 16066
INFO 2023-09-02 22:20:03,895 basehttp 2836 8124 "GET /admin/myapp5/product/3/change/ HTTP/1.1" 200 14492
INFO 2023-09-02 22:20:03,942 basehttp 2836 8124 "GET /admin/jsi18n/ HTTP/1.1" 200 16066
INFO 2023-09-02 22:20:05,741 basehttp 2836 8124 "GET /admin/myapp5/product/ HTTP/1.1" 200 13777
INFO 2023-09-02 22:20:11,849 basehttp 2836 8124 "POST /admin/myapp5/product/ HTTP/1.1" 302 0
INFO 2023-09-02 22:20:11,886 basehttp 2836 8124 "GET /admin/myapp5/product/ HTTP/1.1" 200 13777
INFO 2023-09-02 22:20:11,906 basehttp 2836 8124 "GET /admin/jsi18n/ HTTP/1.1" 200 16066
INFO 2023-09-02 22:20:44,805 basehttp 2836 8124 "GET /admin/myapp5/product/?o=-2.-3 HTTP/1.1" 200 14025
INFO 2023-09-02 22:20:44,844 basehttp 2836 8124 "GET /admin/jsi18n/ HTTP/1.1" 200 16066
INFO 2023-09-02 22:20:46,242 basehttp 2836 8124 "GET /admin/myapp5/category/ HTTP/1.1" 200 10657
INFO 2023-09-02 22:20:46,268 basehttp 2836 8124 "GET /admin/jsi18n/ HTTP/1.1" 200 16066
INFO 2023-09-02 22:21:28,057 basehttp 2836 8124 "GET /admin/myapp5/category/2/change/ HTTP/1.1" 200 10038
INFO 2023-09-02 22:21:28,088 basehttp 2836 8124 "GET /admin/jsi18n/ HTTP/1.1" 200 16066
INFO 2023-09-02 22:21:35,044 basehttp 2836 8124 "GET /admin/myapp5/product/ HTTP/1.1" 200 13777
INFO 2023-09-02 22:21:35,062 basehttp 2836 8124 "GET /admin/jsi18n/ HTTP/1.1" 200 16066
INFO 2023-09-02 22:21:36,457 basehttp 2836 8124 "GET /admin/myapp5/product/3/change/ HTTP/1.1" 200 14492
INFO 2023-09-02 22:21:36,480 basehttp 2836 8124 "GET /admin/jsi18n/ HTTP/1.1" 200 16066
INFO 2023-09-02 22:23:13,981 autoreload 2836 11104 C:\Users\Райан\PycharmProjects\educDjango\lessonproject\myapp5\admin.py changed, reloading.
INFO 2023-09-02 22:23:15,098 autoreload 13284 5444 Watching for file changes with StatReloader
INFO 2023-09-02 22:23:33,742 autoreload 13284 5444 C:\Users\Райан\PycharmProjects\educDjango\lessonproject\myapp5\admin.py changed, reloading.
INFO 2023-09-02 22:23:34,775 autoreload 3464 12300 Watching for file changes with StatReloader
INFO 2023-09-02 22:23:36,405 autoreload 3464 12300 C:\Users\Райан\PycharmProjects\educDjango\lessonproject\myapp5\admin.py changed, reloading.
INFO 2023-09-02 22:23:37,800 autoreload 12472 3824 Watching for file changes with StatReloader
INFO 2023-09-02 22:23:48,206 basehttp 12472 4192 "GET /admin/myapp5/product/ HTTP/1.1" 200 13777
INFO 2023-09-02 22:23:48,254 basehttp 12472 4192 "GET /admin/jsi18n/ HTTP/1.1" 200 16066
INFO 2023-09-02 22:23:50,551 basehttp 12472 4192 "GET /admin/myapp5/product/1/change/ HTTP/1.1" 200 13741
INFO 2023-09-02 22:23:50,573 basehttp 12472 4192 "GET /admin/jsi18n/ HTTP/1.1" 200 16066
INFO 2023-09-02 22:24:16,492 basehttp 12472 4192 "GET /admin/myapp5/product/ HTTP/1.1" 200 13777
INFO 2023-09-02 22:24:16,530 basehttp 12472 4192 "GET /admin/jsi18n/ HTTP/1.1" 200 16066
INFO 2023-09-02 22:24:18,080 basehttp 12472 4192 "GET /admin/myapp5/product/3/change/ HTTP/1.1" 200 13714
INFO 2023-09-02 22:24:18,100 basehttp 12472 4192 "GET /admin/jsi18n/ HTTP/1.1" 200 16066
INFO 2023-09-02 22:24:23,047 basehttp 12472 4192 "GET /admin/myapp5/category/ HTTP/1.1" 200 10657
INFO 2023-09-02 22:24:23,072 basehttp 12472 4192 "GET /admin/jsi18n/ HTTP/1.1" 200 16066
INFO 2023-09-02 22:24:24,378 basehttp 12472 4192 "GET /admin/myapp5/product/ HTTP/1.1" 200 13777
INFO 2023-09-02 22:24:24,398 basehttp 12472 4192 "GET /admin/jsi18n/ HTTP/1.1" 200 16066
INFO 2023-09-02 22:24:26,006 basehttp 12472 4192 "GET /admin/myapp5/product/2/change/ HTTP/1.1" 200 13802
INFO 2023-09-02 22:24:26,029 basehttp 12472 4192 "GET /admin/jsi18n/ HTTP/1.1" 200 16066
INFO 2023-09-02 22:24:58,984 autoreload 12472 3824 C:\Users\Райан\PycharmProjects\educDjango\lessonproject\myapp5\admin.py changed, reloading.
INFO 2023-09-02 22:25:00,023 autoreload 10852 7220 Watching for file changes with StatReloader
INFO 2023-09-02 22:25:47,030 autoreload 10852 7220 C:\Users\Райан\PycharmProjects\educDjango\lessonproject\myapp5\admin.py changed, reloading.
INFO 2023-09-02 22:25:48,024 autoreload 8652 12336 Watching for file changes with StatReloader
INFO 2023-09-02 22:26:31,166 autoreload 8652 12336 C:\Users\Райан\PycharmProjects\educDjango\lessonproject\myapp5\admin.py changed, reloading.
INFO 2023-09-02 22:26:32,670 autoreload 9332 7192 Watching for file changes with StatReloader
INFO 2023-09-02 22:27:02,463 autoreload 9332 7192 C:\Users\Райан\PycharmProjects\educDjango\lessonproject\myapp5\admin.py changed, reloading.
INFO 2023-09-02 22:27:03,711 autoreload 7516 11472 Watching for file changes with StatReloader
INFO 2023-09-02 22:27:19,150 autoreload 7516 11472 C:\Users\Райан\PycharmProjects\educDjango\lessonproject\myapp5\admin.py changed, reloading.
INFO 2023-09-02 22:27:20,217 autoreload 3632 6216 Watching for file changes with StatReloader
INFO 2023-09-02 22:27:25,988 autoreload 3632 6216 C:\Users\Райан\PycharmProjects\educDjango\lessonproject\myapp5\admin.py changed, reloading.
INFO 2023-09-02 22:27:26,956 autoreload 12420 7124 Watching for file changes with StatReloader
INFO 2023-09-02 22:29:06,907 autoreload 12420 7124 C:\Users\Райан\PycharmProjects\educDjango\lessonproject\myapp5\admin.py changed, reloading.
INFO 2023-09-02 22:29:09,467 autoreload 13308 7272 Watching for file changes with StatReloader
INFO 2023-09-02 22:29:25,832 autoreload 13308 7272 C:\Users\Райан\PycharmProjects\educDjango\lessonproject\myapp5\admin.py changed, reloading.
INFO 2023-09-02 22:29:27,406 autoreload 8832 11144 Watching for file changes with StatReloader
INFO 2023-09-02 22:29:33,416 autoreload 8832 11144 C:\Users\Райан\PycharmProjects\educDjango\lessonproject\myapp5\admin.py changed, reloading.
INFO 2023-09-02 22:29:34,359 autoreload 11804 9000 Watching for file changes with StatReloader
INFO 2023-09-02 22:29:47,961 autoreload 11804 9000 C:\Users\Райан\PycharmProjects\educDjango\lessonproject\myapp5\admin.py changed, reloading.
INFO 2023-09-02 22:29:50,006 autoreload 6108 11116 Watching for file changes with StatReloader
INFO 2023-09-02 22:30:52,891 basehttp 6108 4884 "GET /admin/myapp5/product/ HTTP/1.1" 200 13777
INFO 2023-09-02 22:30:52,933 basehttp 6108 4884 "GET /admin/jsi18n/ HTTP/1.1" 200 16066
INFO 2023-09-02 22:30:54,240 basehttp 6108 4884 "GET /admin/myapp5/product/2/change/ HTTP/1.1" 200 15716
INFO 2023-09-02 22:30:54,267 basehttp 6108 4884 "GET /admin/jsi18n/ HTTP/1.1" 200 16066
INFO 2023-09-02 22:30:54,713 basehttp 6108 13288 "GET /static/admin/js/collapse.js HTTP/1.1" 200 1803
INFO 2023-09-03 12:15:56,982 autoreload 2004 1332 Watching for file changes with StatReloader
WARNING 2023-09-03 12:15:58,395 log 2004 5972 Not Found: /
WARNING 2023-09-03 12:15:58,407 basehttp 2004 5972 "GET / HTTP/1.1" 404 2383
INFO 2023-09-03 12:16:02,925 basehttp 2004 5972 "GET /admin/ HTTP/1.1" 302 0
INFO 2023-09-03 12:16:02,990 basehttp 2004 5972 "GET /admin/login/?next=/admin/ HTTP/1.1" 200 4267
INFO 2023-09-03 12:16:04,145 basehttp 2004 5972 "GET /admin/ HTTP/1.1" 302 0
INFO 2023-09-03 12:16:04,158 basehttp 2004 5972 "GET /admin/login/?next=/admin/ HTTP/1.1" 200 4267
